[2022-02-19T22:43:51.675] [INFO] info - log output
[2022-02-20T17:02:15.159] [INFO] info - 数据库连接成功
[2022-02-20T17:21:15.579] [INFO] info - log output
[2022-02-20T20:53:30.968] [INFO] info - 数据库连接成功
[2022-02-20T21:33:39.935] [INFO] info - 数据库连接成功
[2022-02-20T21:33:49.560] [INFO] info - log output
[2022-02-20T21:50:01.421] [INFO] info - 数据库连接成功
[2022-02-20T21:50:05.860] [INFO] info - log output
[2022-02-20T21:52:58.790] [INFO] info - log output
[2022-02-20T21:57:45.948] [INFO] info - log output
[2022-02-20T22:03:01.696] [INFO] info - log output
[2022-02-20T22:04:13.728] [INFO] info - log output
[2022-02-20T22:32:58.178] [INFO] info - 数据库连接成功
[2022-02-20T22:33:09.128] [INFO] info - get params:{}
[2022-02-20T22:33:09.129] [INFO] info - post params:{}
[2022-02-20T22:33:09.574] [INFO] info - get params:{}
[2022-02-20T22:33:09.574] [INFO] info - post params:{}
[2022-02-20T22:33:34.236] [INFO] info - get params:{}
[2022-02-20T22:33:34.236] [INFO] info - post params:{"userName":"admin","userPwd":"123456"}
[2022-02-20T22:37:06.998] [INFO] info - get params:{}
[2022-02-20T22:37:07.001] [INFO] info - post params:{"userName":"admin","userPwd":"123456"}
[2022-02-20T22:45:36.714] [INFO] info - get params:{}
[2022-02-20T22:45:36.715] [INFO] info - post params:{"userName":"admin","userPwd":"123456"}
[2022-02-20T23:09:17.297] [INFO] info - 数据库连接成功
[2022-02-21T13:56:04.186] [INFO] info - 数据库连接成功
[2022-02-21T13:56:12.265] [INFO] info - get params:{}
[2022-02-21T13:56:12.266] [INFO] info - post params:{}
[2022-02-21T14:01:22.372] [INFO] info - get params:{}
[2022-02-21T14:01:22.374] [INFO] info - post params:{}
[2022-02-21T14:01:22.378] [INFO] info - get params:{}
[2022-02-21T14:01:22.379] [INFO] info - post params:{}
[2022-02-21T14:01:25.332] [INFO] info - get params:{}
[2022-02-21T14:01:25.333] [INFO] info - post params:{}
[2022-02-21T14:01:25.336] [INFO] info - get params:{}
[2022-02-21T14:01:25.336] [INFO] info - post params:{}
[2022-02-21T14:01:39.711] [INFO] info - get params:{}
[2022-02-21T14:01:39.712] [INFO] info - post params:{"userName":"admin","userPwd":"123456"}
[2022-02-21T14:01:39.789] [INFO] info - get params:{}
[2022-02-21T14:01:39.790] [INFO] info - post params:{}
[2022-02-21T14:01:39.794] [INFO] info - get params:{}
[2022-02-21T14:01:39.795] [INFO] info - post params:{}
[2022-02-21T14:02:49.767] [INFO] info - get params:{}
[2022-02-21T14:02:49.768] [INFO] info - post params:{"userName":"admin","userPwd":"123456"}
[2022-02-21T14:02:49.867] [INFO] info - get params:{}
[2022-02-21T14:02:49.868] [INFO] info - post params:{}
[2022-02-21T14:02:49.870] [INFO] info - get params:{}
[2022-02-21T14:02:49.871] [INFO] info - post params:{}
[2022-02-21T14:03:19.339] [INFO] info - get params:{}
[2022-02-21T14:03:19.340] [INFO] info - post params:{}
[2022-02-21T14:03:19.343] [INFO] info - get params:{}
[2022-02-21T14:03:19.343] [INFO] info - post params:{}
[2022-02-21T14:03:55.658] [INFO] info - get params:{}
[2022-02-21T14:03:55.659] [INFO] info - post params:{"userName":"admin","userPwd":"123456"}
[2022-02-21T14:03:55.764] [INFO] info - get params:{}
[2022-02-21T14:03:55.765] [INFO] info - post params:{}
[2022-02-21T14:03:55.774] [INFO] info - get params:{}
[2022-02-21T14:03:55.774] [INFO] info - post params:{}
[2022-02-21T14:04:28.789] [INFO] info - 数据库连接成功
[2022-02-21T14:04:32.149] [INFO] info - get params:{}
[2022-02-21T14:04:32.150] [INFO] info - post params:{}
[2022-02-21T14:04:32.165] [INFO] info - get params:{}
[2022-02-21T14:04:32.167] [INFO] info - post params:{}
[2022-02-21T14:04:44.191] [INFO] info - get params:{}
[2022-02-21T14:04:44.192] [INFO] info - post params:{"userName":"admin","userPwd":"123456"}
[2022-02-21T14:04:44.265] [INFO] info - get params:{}
[2022-02-21T14:04:44.266] [INFO] info - post params:{}
[2022-02-21T14:04:44.567] [INFO] info - get params:{}
[2022-02-21T14:04:44.568] [INFO] info - post params:{}
[2022-02-21T14:05:37.082] [INFO] info - 数据库连接成功
[2022-02-21T14:05:54.698] [INFO] info - get params:{}
[2022-02-21T14:05:54.699] [INFO] info - post params:{"userName":"admin","userPwd":"123456"}
[2022-02-21T14:05:54.935] [INFO] info - get params:{}
[2022-02-21T14:05:54.936] [INFO] info - post params:{}
[2022-02-21T14:05:55.092] [INFO] info - get params:{}
[2022-02-21T14:05:55.093] [INFO] info - post params:{}
[2022-02-21T14:08:40.007] [INFO] info - get params:{}
[2022-02-21T14:08:40.008] [INFO] info - post params:{"userName":"admin","userPwd":"123456"}
[2022-02-21T14:08:40.260] [INFO] info - get params:{}
[2022-02-21T14:08:40.260] [INFO] info - post params:{}
[2022-02-21T14:08:40.384] [INFO] info - get params:{}
[2022-02-21T14:08:40.384] [INFO] info - post params:{}
[2022-02-21T14:09:31.148] [INFO] info - get params:{}
[2022-02-21T14:09:31.149] [INFO] info - post params:{"userName":"admin","userPwd":"123456"}
[2022-02-21T14:09:31.405] [INFO] info - get params:{}
[2022-02-21T14:09:31.406] [INFO] info - post params:{}
[2022-02-21T14:09:31.532] [INFO] info - get params:{}
[2022-02-21T14:09:31.532] [INFO] info - post params:{}
[2022-02-21T14:09:45.168] [INFO] info - 数据库连接成功
[2022-02-21T14:09:51.550] [INFO] info - get params:{}
[2022-02-21T14:09:51.550] [INFO] info - post params:{}
[2022-02-21T14:09:51.563] [INFO] info - get params:{}
[2022-02-21T14:09:51.564] [INFO] info - post params:{}
[2022-02-21T14:09:55.195] [INFO] info - get params:{}
[2022-02-21T14:09:55.196] [INFO] info - post params:{}
[2022-02-21T14:09:55.199] [INFO] info - get params:{}
[2022-02-21T14:09:55.200] [INFO] info - post params:{}
[2022-02-21T14:10:04.611] [INFO] info - get params:{}
[2022-02-21T14:10:04.611] [INFO] info - post params:{"userName":"admin","userPwd":"123456"}
[2022-02-21T14:10:04.685] [INFO] info - get params:{}
[2022-02-21T14:10:04.686] [INFO] info - post params:{}
[2022-02-21T14:10:04.690] [INFO] info - get params:{}
[2022-02-21T14:10:04.691] [INFO] info - post params:{}
[2022-02-21T14:11:20.071] [INFO] info - get params:{}
[2022-02-21T14:11:20.072] [INFO] info - post params:{"userName":"admin","userPwd":"123456"}
[2022-02-21T14:11:20.167] [INFO] info - get params:{}
[2022-02-21T14:11:20.169] [INFO] info - post params:{}
[2022-02-21T14:11:20.172] [INFO] info - get params:{}
[2022-02-21T14:11:20.172] [INFO] info - post params:{}
[2022-02-21T14:11:34.226] [INFO] info - 数据库连接成功
[2022-02-21T14:11:47.665] [INFO] info - get params:{}
[2022-02-21T14:11:47.666] [INFO] info - post params:{"userName":"admin","userPwd":"123456"}
[2022-02-21T14:11:47.917] [INFO] info - get params:{}
[2022-02-21T14:11:47.918] [INFO] info - post params:{}
[2022-02-21T14:11:48.063] [INFO] info - get params:{}
[2022-02-21T14:11:48.064] [INFO] info - post params:{}
[2022-02-21T14:23:35.710] [INFO] info - get params:{}
[2022-02-21T14:23:35.711] [INFO] info - post params:{}
[2022-02-21T14:23:35.718] [INFO] info - get params:{}
[2022-02-21T14:23:35.719] [INFO] info - post params:{}
[2022-02-21T14:23:54.479] [INFO] info - get params:{}
[2022-02-21T14:23:54.480] [INFO] info - post params:{}
[2022-02-21T14:23:54.483] [INFO] info - get params:{}
[2022-02-21T14:23:54.484] [INFO] info - post params:{}
[2022-02-21T14:23:57.652] [INFO] info - get params:{}
[2022-02-21T14:23:57.652] [INFO] info - post params:{}
[2022-02-21T14:24:09.923] [INFO] info - 数据库连接成功
[2022-02-21T14:24:13.536] [INFO] info - get params:{}
[2022-02-21T14:24:13.536] [INFO] info - post params:{}
[2022-02-21T14:24:13.547] [INFO] info - get params:{}
[2022-02-21T14:24:13.548] [INFO] info - post params:{}
[2022-02-21T14:28:35.157] [INFO] info - get params:{}
[2022-02-21T14:28:35.158] [INFO] info - post params:{}
[2022-02-21T14:28:35.162] [INFO] info - get params:{}
[2022-02-21T14:28:35.163] [INFO] info - post params:{}
[2022-02-21T14:28:37.042] [INFO] info - get params:{}
[2022-02-21T14:28:37.042] [INFO] info - post params:{}
[2022-02-21T14:28:37.045] [INFO] info - get params:{}
[2022-02-21T14:28:37.046] [INFO] info - post params:{}
[2022-02-21T14:28:42.978] [INFO] info - get params:{}
[2022-02-21T14:28:42.978] [INFO] info - post params:{}
[2022-02-21T14:30:01.474] [INFO] info - get params:{}
[2022-02-21T14:30:01.474] [INFO] info - post params:{}
[2022-02-21T14:30:01.477] [INFO] info - get params:{}
[2022-02-21T14:30:01.478] [INFO] info - post params:{}
[2022-02-21T14:30:03.080] [INFO] info - get params:{}
[2022-02-21T14:30:03.081] [INFO] info - post params:{}
[2022-02-21T14:30:03.084] [INFO] info - get params:{}
[2022-02-21T14:30:03.085] [INFO] info - post params:{}
[2022-02-21T14:30:31.785] [INFO] info - get params:{}
[2022-02-21T14:30:31.786] [INFO] info - post params:{}
[2022-02-21T14:30:31.791] [INFO] info - get params:{}
[2022-02-21T14:30:31.791] [INFO] info - post params:{}
[2022-02-21T14:30:34.465] [INFO] info - get params:{}
[2022-02-21T14:30:34.465] [INFO] info - post params:{}
[2022-02-21T14:30:34.467] [INFO] info - get params:{}
[2022-02-21T14:30:34.468] [INFO] info - post params:{}
[2022-02-21T14:30:47.441] [INFO] info - get params:{}
[2022-02-21T14:30:47.442] [INFO] info - post params:{}
[2022-02-21T14:30:47.447] [INFO] info - get params:{}
[2022-02-21T14:30:47.448] [INFO] info - post params:{}
[2022-02-21T14:30:50.623] [INFO] info - get params:{}
[2022-02-21T14:30:50.623] [INFO] info - post params:{}
[2022-02-21T14:30:50.626] [INFO] info - get params:{}
[2022-02-21T14:30:50.627] [INFO] info - post params:{}
[2022-02-21T14:31:02.936] [INFO] info - get params:{}
[2022-02-21T14:31:02.937] [INFO] info - post params:{}
[2022-02-21T14:31:02.944] [INFO] info - get params:{}
[2022-02-21T14:31:02.945] [INFO] info - post params:{}
[2022-02-21T14:31:05.765] [INFO] info - get params:{}
[2022-02-21T14:31:05.765] [INFO] info - post params:{}
[2022-02-21T14:31:05.769] [INFO] info - get params:{}
[2022-02-21T14:31:05.770] [INFO] info - post params:{}
[2022-02-21T14:32:12.676] [INFO] info - get params:{}
[2022-02-21T14:32:12.676] [INFO] info - post params:{}
[2022-02-21T14:32:12.679] [INFO] info - get params:{}
[2022-02-21T14:32:12.680] [INFO] info - post params:{}
[2022-02-21T14:34:01.758] [INFO] info - get params:{}
[2022-02-21T14:34:01.759] [INFO] info - post params:{}
[2022-02-21T14:35:13.183] [INFO] info - get params:{}
[2022-02-21T14:35:13.184] [INFO] info - post params:{}
[2022-02-21T14:35:13.192] [INFO] info - get params:{}
[2022-02-21T14:35:13.192] [INFO] info - post params:{}
[2022-02-21T14:35:20.552] [INFO] info - get params:{}
[2022-02-21T14:35:20.552] [INFO] info - post params:{}
[2022-02-21T14:35:20.556] [INFO] info - get params:{}
[2022-02-21T14:35:20.556] [INFO] info - post params:{}
[2022-02-21T14:36:24.559] [INFO] info - 数据库连接成功
[2022-02-21T14:38:37.561] [INFO] info - get params:{}
[2022-02-21T14:38:37.562] [INFO] info - post params:{"userName":"admin","userPwd":"123456"}
[2022-02-21T14:38:37.915] [INFO] info - get params:{}
[2022-02-21T14:38:37.916] [INFO] info - post params:{}
[2022-02-21T14:38:37.922] [INFO] info - get params:{}
[2022-02-21T14:38:37.923] [INFO] info - post params:{}
[2022-02-21T14:38:49.130] [INFO] info - get params:{}
[2022-02-21T14:38:49.132] [INFO] info - post params:{}
[2022-02-21T14:38:49.135] [INFO] info - get params:{}
[2022-02-21T14:38:49.136] [INFO] info - post params:{}
[2022-02-21T14:39:07.553] [INFO] info - get params:{}
[2022-02-21T14:39:07.555] [INFO] info - post params:{}
[2022-02-21T14:39:07.593] [INFO] info - get params:{}
[2022-02-21T14:39:07.594] [INFO] info - post params:{}
[2022-02-21T14:39:33.005] [INFO] info - get params:{}
[2022-02-21T14:39:33.006] [INFO] info - post params:{}
[2022-02-21T14:39:33.034] [INFO] info - get params:{}
[2022-02-21T14:39:33.035] [INFO] info - post params:{}
[2022-02-21T14:58:12.283] [INFO] info - 数据库连接成功
[2022-02-21T15:00:40.808] [INFO] info - get params:{}
[2022-02-21T15:00:40.809] [INFO] info - post params:{}
[2022-02-21T15:00:40.852] [INFO] info - get params:{}
[2022-02-21T15:00:40.853] [INFO] info - post params:{}
[2022-02-21T15:00:45.569] [INFO] info - get params:{}
[2022-02-21T15:00:45.569] [INFO] info - post params:{}
[2022-02-21T15:00:45.596] [INFO] info - get params:{}
[2022-02-21T15:00:45.597] [INFO] info - post params:{}
[2022-02-21T15:00:49.739] [INFO] info - get params:{}
[2022-02-21T15:00:49.740] [INFO] info - post params:{}
[2022-02-21T15:00:49.767] [INFO] info - get params:{}
[2022-02-21T15:00:49.768] [INFO] info - post params:{}
[2022-02-21T15:01:07.671] [INFO] info - 数据库连接成功
[2022-02-21T15:01:13.913] [INFO] info - get params:{}
[2022-02-21T15:01:13.915] [INFO] info - post params:{}
[2022-02-21T15:01:13.954] [INFO] info - get params:{}
[2022-02-21T15:01:13.954] [INFO] info - post params:{}
[2022-02-21T15:07:02.295] [INFO] info - get params:{}
[2022-02-21T15:07:02.296] [INFO] info - post params:{}
[2022-02-21T15:07:02.319] [INFO] info - get params:{}
[2022-02-21T15:07:02.320] [INFO] info - post params:{}
[2022-02-21T15:07:58.008] [INFO] info - 数据库连接成功
[2022-02-21T15:08:01.641] [INFO] info - get params:{}
[2022-02-21T15:08:01.642] [INFO] info - post params:{}
[2022-02-21T15:08:01.680] [INFO] info - get params:{}
[2022-02-21T15:08:01.681] [INFO] info - post params:{}
[2022-02-21T15:08:59.790] [INFO] info - 数据库连接成功
[2022-02-21T15:09:01.626] [INFO] info - get params:{}
[2022-02-21T15:09:01.627] [INFO] info - post params:{}
[2022-02-21T15:09:01.674] [INFO] info - get params:{}
[2022-02-21T15:09:01.675] [INFO] info - post params:{}
[2022-02-21T15:09:43.550] [INFO] info - get params:{}
[2022-02-21T15:09:43.551] [INFO] info - post params:{}
[2022-02-21T15:09:43.578] [INFO] info - get params:{}
[2022-02-21T15:09:43.579] [INFO] info - post params:{}
[2022-02-21T15:10:07.570] [INFO] info - get params:{}
[2022-02-21T15:10:07.571] [INFO] info - post params:{}
[2022-02-21T15:10:07.596] [INFO] info - get params:{}
[2022-02-21T15:10:07.596] [INFO] info - post params:{}
[2022-02-21T15:10:55.470] [INFO] info - get params:{}
[2022-02-21T15:10:55.471] [INFO] info - post params:{}
[2022-02-21T15:10:55.497] [INFO] info - get params:{}
[2022-02-21T15:10:55.498] [INFO] info - post params:{}
[2022-02-21T15:11:09.200] [INFO] info - get params:{}
[2022-02-21T15:11:09.201] [INFO] info - post params:{}
[2022-02-21T15:11:09.226] [INFO] info - get params:{}
[2022-02-21T15:11:09.226] [INFO] info - post params:{}
[2022-02-21T15:11:46.422] [INFO] info - get params:{}
[2022-02-21T15:11:46.423] [INFO] info - post params:{}
[2022-02-21T15:11:46.447] [INFO] info - get params:{}
[2022-02-21T15:11:46.448] [INFO] info - post params:{}
[2022-02-21T15:14:15.609] [INFO] info - get params:{}
[2022-02-21T15:14:15.610] [INFO] info - post params:{}
[2022-02-21T15:14:15.635] [INFO] info - get params:{}
[2022-02-21T15:14:15.636] [INFO] info - post params:{}
[2022-02-21T15:14:34.604] [INFO] info - 数据库连接成功
[2022-02-21T15:14:37.162] [INFO] info - get params:{}
[2022-02-21T15:14:37.163] [INFO] info - post params:{}
[2022-02-21T15:14:37.201] [INFO] info - get params:{}
[2022-02-21T15:14:37.202] [INFO] info - post params:{}
[2022-02-21T15:16:50.339] [INFO] info - get params:{}
[2022-02-21T15:16:50.339] [INFO] info - post params:{}
[2022-02-21T15:16:50.364] [INFO] info - get params:{}
[2022-02-21T15:16:50.365] [INFO] info - post params:{}
[2022-02-21T15:17:07.947] [INFO] info - get params:{}
[2022-02-21T15:17:07.947] [INFO] info - post params:{}
[2022-02-21T15:17:07.977] [INFO] info - get params:{}
[2022-02-21T15:17:07.978] [INFO] info - post params:{}
[2022-02-21T15:17:22.200] [INFO] info - get params:{}
[2022-02-21T15:17:22.200] [INFO] info - post params:{"userName":"admin","userPwd":"123456"}
[2022-02-21T15:17:58.453] [INFO] info - get params:{}
[2022-02-21T15:17:58.454] [INFO] info - post params:{"userName":"admin","userPwd":"123456"}
[2022-02-21T15:18:46.725] [INFO] info - get params:{}
[2022-02-21T15:18:46.725] [INFO] info - post params:{"userName":"admin","userPwd":"123456"}
[2022-02-21T15:20:20.334] [INFO] info - get params:{}
[2022-02-21T15:20:20.335] [INFO] info - post params:{"userName":"admin","userPwd":"123456"}
[2022-02-21T15:27:01.440] [INFO] info - 数据库连接成功
[2022-02-21T15:27:14.238] [INFO] info - get params:{}
[2022-02-21T15:27:14.239] [INFO] info - post params:{"userName":"admin","userPwd":"123456"}
[2022-02-21T15:27:14.589] [INFO] info - get params:{}
[2022-02-21T15:27:14.591] [INFO] info - post params:{}
[2022-02-21T15:27:14.599] [INFO] info - get params:{}
[2022-02-21T15:27:14.601] [INFO] info - post params:{}
[2022-02-21T15:27:36.870] [INFO] info - get params:{}
[2022-02-21T15:27:36.871] [INFO] info - post params:{}
[2022-02-21T15:27:36.878] [INFO] info - get params:{}
[2022-02-21T15:27:36.878] [INFO] info - post params:{}
[2022-02-21T15:27:52.815] [INFO] info - get params:{}
[2022-02-21T15:27:52.816] [INFO] info - post params:{}
[2022-02-21T15:27:52.851] [INFO] info - get params:{}
[2022-02-21T15:27:52.852] [INFO] info - post params:{}
[2022-02-21T15:28:16.173] [INFO] info - get params:{}
[2022-02-21T15:28:16.174] [INFO] info - post params:{}
[2022-02-21T15:28:16.199] [INFO] info - get params:{}
[2022-02-21T15:28:16.200] [INFO] info - post params:{}
[2022-02-21T15:28:20.701] [INFO] info - get params:{}
[2022-02-21T15:28:20.703] [INFO] info - post params:{}
[2022-02-21T15:28:20.726] [INFO] info - get params:{}
[2022-02-21T15:28:20.727] [INFO] info - post params:{}
[2022-02-21T15:28:33.201] [INFO] info - 数据库连接成功
[2022-02-21T15:28:36.915] [INFO] info - get params:{}
[2022-02-21T15:28:36.916] [INFO] info - post params:{}
[2022-02-21T15:28:36.955] [INFO] info - get params:{}
[2022-02-21T15:28:36.956] [INFO] info - post params:{}
[2022-02-21T15:29:56.535] [INFO] info - 数据库连接成功
[2022-02-21T15:29:59.653] [INFO] info - get params:{}
[2022-02-21T15:29:59.654] [INFO] info - post params:{}
[2022-02-21T15:29:59.700] [INFO] info - get params:{}
[2022-02-21T15:29:59.701] [INFO] info - post params:{}
[2022-02-21T15:30:03.805] [INFO] info - get params:{}
[2022-02-21T15:30:03.805] [INFO] info - post params:{}
[2022-02-21T15:30:03.828] [INFO] info - get params:{}
[2022-02-21T15:30:03.829] [INFO] info - post params:{}
[2022-02-21T15:30:07.587] [INFO] info - get params:{}
[2022-02-21T15:30:07.587] [INFO] info - post params:{}
[2022-02-21T15:30:07.612] [INFO] info - get params:{}
[2022-02-21T15:30:07.612] [INFO] info - post params:{}
[2022-02-21T15:31:30.699] [INFO] info - get params:{}
[2022-02-21T15:31:30.700] [INFO] info - post params:{}
[2022-02-21T15:31:30.726] [INFO] info - get params:{}
[2022-02-21T15:31:30.727] [INFO] info - post params:{}
[2022-02-21T15:32:58.186] [INFO] info - get params:{}
[2022-02-21T15:32:58.186] [INFO] info - post params:{}
[2022-02-21T15:33:04.173] [INFO] info - get params:{}
[2022-02-21T15:33:04.174] [INFO] info - post params:{}
[2022-02-21T15:33:04.202] [INFO] info - get params:{}
[2022-02-21T15:33:04.203] [INFO] info - post params:{}
[2022-02-21T15:35:02.587] [INFO] info - get params:{}
[2022-02-21T15:35:02.588] [INFO] info - post params:{}
[2022-02-21T15:35:02.609] [INFO] info - get params:{}
[2022-02-21T15:35:02.609] [INFO] info - post params:{}
[2022-02-21T15:35:06.820] [INFO] info - get params:{}
[2022-02-21T15:35:06.821] [INFO] info - post params:{}
[2022-02-21T15:35:06.844] [INFO] info - get params:{}
[2022-02-21T15:35:06.844] [INFO] info - post params:{}
[2022-02-21T15:35:33.665] [INFO] info - 数据库连接成功
[2022-02-21T15:35:37.345] [INFO] info - get params:{}
[2022-02-21T15:35:37.345] [INFO] info - post params:{}
[2022-02-21T15:35:37.366] [INFO] info - get params:{}
[2022-02-21T15:35:37.367] [INFO] info - post params:{}
[2022-02-21T15:36:21.831] [INFO] info - get params:{}
[2022-02-21T15:36:21.832] [INFO] info - post params:{}
[2022-02-21T15:36:21.840] [INFO] info - get params:{}
[2022-02-21T15:36:21.840] [INFO] info - post params:{}
[2022-02-21T15:36:42.799] [INFO] info - get params:{}
[2022-02-21T15:36:42.800] [INFO] info - post params:{}
[2022-02-21T15:36:42.810] [INFO] info - get params:{}
[2022-02-21T15:36:42.810] [INFO] info - post params:{}
[2022-02-21T15:37:20.351] [INFO] info - 数据库连接成功
[2022-02-21T15:37:23.836] [INFO] info - get params:{}
[2022-02-21T15:37:23.837] [INFO] info - post params:{}
[2022-02-21T15:37:23.853] [INFO] info - get params:{}
[2022-02-21T15:37:23.854] [INFO] info - post params:{}
[2022-02-21T15:38:07.010] [INFO] info - get params:{}
[2022-02-21T15:38:07.012] [INFO] info - post params:{}
[2022-02-21T15:38:07.020] [INFO] info - get params:{}
[2022-02-21T15:38:07.021] [INFO] info - post params:{}
[2022-02-21T15:38:19.508] [INFO] info - 数据库连接成功
[2022-02-21T15:38:22.408] [INFO] info - get params:{}
[2022-02-21T15:38:22.408] [INFO] info - post params:{}
[2022-02-21T15:38:22.429] [INFO] info - get params:{}
[2022-02-21T15:38:22.430] [INFO] info - post params:{}
[2022-02-21T16:15:28.505] [INFO] info - 数据库连接成功
[2022-02-21T16:15:43.726] [INFO] info - get params:{}
[2022-02-21T16:15:43.728] [INFO] info - post params:{}
[2022-02-21T16:15:43.740] [INFO] info - get params:{}
[2022-02-21T16:15:43.741] [INFO] info - post params:{}
[2022-02-21T16:29:55.462] [INFO] info - get params:{}
[2022-02-21T16:29:55.464] [INFO] info - post params:{"userName":"admin","userPwd":"123456"}
[2022-02-21T16:30:11.520] [INFO] info - get params:{}
[2022-02-21T16:30:11.522] [INFO] info - post params:{"userName":"admin","userPwd":"123456"}
[2022-02-21T16:30:32.324] [INFO] info - 数据库连接成功
[2022-02-21T16:30:36.516] [INFO] info - get params:{}
[2022-02-21T16:30:36.517] [INFO] info - post params:{"userName":"admin","userPwd":"123456"}
[2022-02-21T16:30:47.867] [INFO] info - get params:{}
[2022-02-21T16:30:47.869] [INFO] info - post params:{"userName":"admin","userPwd":"123456"}
[2022-02-21T16:31:39.409] [INFO] info - get params:{}
[2022-02-21T16:31:39.410] [INFO] info - post params:{"userName":"admin","userPwd":"123456"}
[2022-02-21T16:31:49.084] [INFO] info - get params:{}
[2022-02-21T16:31:49.085] [INFO] info - post params:{"userName":"admin","userPwd":"123456"}
[2022-02-21T16:32:03.611] [INFO] info - get params:{}
[2022-02-21T16:32:03.613] [INFO] info - post params:{"userName":"admin","userPwd":"123456"}
[2022-02-21T16:32:21.901] [INFO] info - get params:{}
[2022-02-21T16:32:21.903] [INFO] info - post params:{"userName":"admin","userPwd":"123456"}
[2022-02-21T16:32:34.127] [INFO] info - get params:{}
[2022-02-21T16:32:34.128] [INFO] info - post params:{"userName":"admin","userPwd":"123456"}
[2022-02-21T16:32:41.898] [INFO] info - get params:{}
[2022-02-21T16:32:41.899] [INFO] info - post params:{"userName":"admin","userPwd":"123456"}
[2022-02-21T16:32:52.993] [INFO] info - get params:{}
[2022-02-21T16:32:52.994] [INFO] info - post params:{"userName":"admin","userPwd":"123456"}
[2022-02-21T16:33:26.348] [INFO] info - get params:{}
[2022-02-21T16:33:26.349] [INFO] info - post params:{"userName":"admin","userPwd":"123456"}
[2022-02-21T16:33:32.989] [INFO] info - get params:{}
[2022-02-21T16:33:32.989] [INFO] info - post params:{"userName":"admin","userPwd":"123456"}
[2022-02-21T16:33:53.492] [INFO] info - get params:{}
[2022-02-21T16:33:53.494] [INFO] info - post params:{"userName":"admin","userPwd":"123456"}
[2022-02-21T16:34:07.975] [INFO] info - 数据库连接成功
[2022-02-21T16:34:13.022] [INFO] info - get params:{}
[2022-02-21T16:34:13.023] [INFO] info - post params:{"userName":"admin","userPwd":"123456"}
[2022-02-21T16:34:23.497] [INFO] info - get params:{}
[2022-02-21T16:34:23.500] [INFO] info - post params:{"userName":"admin","userPwd":"123456"}
[2022-02-21T16:37:52.053] [INFO] info - get params:{}
[2022-02-21T16:37:52.054] [INFO] info - post params:{"userName":"admin","userPwd":"123456"}
[2022-02-21T16:39:53.089] [INFO] info - get params:{}
[2022-02-21T16:39:53.091] [INFO] info - post params:{"userName":"admin","userPwd":"123456"}
[2022-02-21T16:41:10.165] [INFO] info - get params:{}
[2022-02-21T16:41:10.167] [INFO] info - post params:{"userName":"admin","userPwd":"123456"}
[2022-02-21T16:41:19.814] [INFO] info - get params:{}
[2022-02-21T16:41:19.815] [INFO] info - post params:{"userName":"admin","userPwd":"123456"}
[2022-02-21T16:42:06.839] [INFO] info - 数据库连接成功
[2022-02-21T16:42:11.117] [INFO] info - get params:{}
[2022-02-21T16:42:11.118] [INFO] info - post params:{"userName":"admin","userPwd":"123456"}
[2022-02-21T16:42:11.515] [INFO] info - get params:{}
[2022-02-21T16:42:11.516] [INFO] info - post params:{}
[2022-02-21T16:42:11.787] [INFO] info - get params:{}
[2022-02-21T16:42:11.788] [INFO] info - post params:{}
[2022-02-21T16:46:57.609] [INFO] info - get params:{}
[2022-02-21T16:46:57.610] [INFO] info - post params:{"userName":"admin","userPwd":"123456"}
[2022-02-21T16:46:57.862] [INFO] info - get params:{}
[2022-02-21T16:46:57.863] [INFO] info - post params:{}
[2022-02-21T16:46:58.065] [INFO] info - get params:{}
[2022-02-21T16:46:58.066] [INFO] info - post params:{}
[2022-02-22T16:34:23.646] [INFO] info - 数据库连接成功
[2022-02-22T16:34:57.226] [INFO] info - get params:{}
[2022-02-22T16:34:57.228] [INFO] info - post params:{"userName":"admin","userPwd":"123456"}
[2022-02-22T17:04:16.035] [INFO] info - 数据库连接成功
[2022-02-22T17:04:16.051] [INFO] info - get params:{}
[2022-02-22T17:04:16.053] [INFO] info - post params:{}
[2022-02-22T17:04:19.952] [INFO] info - get params:{}
[2022-02-22T17:04:19.954] [INFO] info - post params:{}
[2022-02-22T17:17:50.141] [INFO] info - get params:{}
[2022-02-22T17:17:50.146] [INFO] info - post params:{}
[2022-02-22T17:17:50.197] [INFO] info - get params:{}
[2022-02-22T17:17:50.199] [INFO] info - post params:{}
[2022-02-22T17:20:55.430] [INFO] info - get params:{}
[2022-02-22T17:20:55.432] [INFO] info - post params:{"state":1,"roleList":["60150cb764de99631b2c3cd3"],"deptId":["60167059c9027b7d2c520a61","60167345c6a4417f2d27506f"],"userName":"发货后","userEmail":"1233@imooc.com","mobile":"13535339114","action":"add"}
[2022-02-22T17:20:59.359] [INFO] info - get params:{}
[2022-02-22T17:20:59.360] [INFO] info - post params:{"state":1,"roleList":["60150cb764de99631b2c3cd3"],"deptId":["60167059c9027b7d2c520a61","60167345c6a4417f2d27506f"],"userName":"发货后","userEmail":"1233@imooc.com@imooc.com","mobile":"13535339114","action":"add"}
[2022-02-22T17:21:01.990] [INFO] info - get params:{}
[2022-02-22T17:21:01.991] [INFO] info - post params:{"state":1,"roleList":["60150cb764de99631b2c3cd3"],"deptId":["60167059c9027b7d2c520a61","60167345c6a4417f2d27506f"],"userName":"发货后","userEmail":"1233@imooc.com@imooc.com@imooc.com","mobile":"13535339114","action":"add"}
[2022-02-22T17:21:02.520] [INFO] info - get params:{}
[2022-02-22T17:21:02.522] [INFO] info - post params:{"state":1,"roleList":["60150cb764de99631b2c3cd3"],"deptId":["60167059c9027b7d2c520a61","60167345c6a4417f2d27506f"],"userName":"发货后","userEmail":"1233@imooc.com@imooc.com@imooc.com@imooc.com","mobile":"13535339114","action":"add"}
[2022-02-22T17:22:56.067] [INFO] info - get params:{}
[2022-02-22T17:22:56.068] [INFO] info - post params:{"state":1,"roleList":[],"userName":"122","userEmail":"123","mobile":"13535339114","deptId":["60167059c9027b7d2c520a61","6016728fc6a4417f2d27506e","60167621531124822b79e124"],"action":"add"}
[2022-02-22T17:22:57.447] [INFO] info - get params:{}
[2022-02-22T17:22:57.448] [INFO] info - post params:{"state":1,"roleList":[],"userName":"122","userEmail":"123","mobile":"13535339114","deptId":["60167059c9027b7d2c520a61","6016728fc6a4417f2d27506e","60167621531124822b79e124"],"action":"add"}
[2022-02-22T17:41:56.603] [INFO] info - get params:{}
[2022-02-22T17:41:56.604] [INFO] info - post params:{"userIds":[1000002]}
[2022-02-22T18:00:13.589] [INFO] info - get params:{}
[2022-02-22T18:00:13.590] [INFO] info - post params:{"state":3,"roleList":[],"userName":"会发货后","userEmail":"11111111111","mobile":"13535339114","deptId":["60167059c9027b7d2c520a61","60167345c6a4417f2d27506f"],"action":"add"}
[2022-02-22T18:22:25.407] [INFO] info - get params:{"state":"1","pageNum":"1","pageSize":"10"}
[2022-02-22T18:22:25.409] [INFO] info - post params:{}
[2022-02-22T18:22:43.504] [INFO] info - get params:{}
[2022-02-22T18:22:43.506] [INFO] info - post params:{}
[2022-02-22T18:22:43.919] [INFO] info - get params:{}
[2022-02-22T18:22:43.920] [INFO] info - post params:{}
[2022-02-22T18:22:44.611] [INFO] info - get params:{}
[2022-02-22T18:22:44.612] [INFO] info - post params:{}
[2022-02-22T18:22:44.836] [INFO] info - get params:{}
[2022-02-22T18:22:44.838] [INFO] info - post params:{}
[2022-02-22T18:23:43.431] [INFO] info - get params:{}
[2022-02-22T18:23:43.432] [INFO] info - post params:{"userName":"admin","userPwd":"123456"}
[2022-02-22T18:23:48.562] [INFO] info - get params:{"state":"1","pageNum":"1","pageSize":"10"}
[2022-02-22T18:23:48.563] [INFO] info - post params:{}
[2022-02-22T18:24:33.455] [INFO] info - 数据库连接成功
[2022-02-22T18:24:34.488] [INFO] info - get params:{"state":"1","pageNum":"1","pageSize":"10"}
[2022-02-22T18:24:34.490] [INFO] info - post params:{}
[2022-02-22T18:30:58.865] [INFO] info - get params:{"state":"1","pageNum":"1","pageSize":"10"}
[2022-02-22T18:30:58.867] [INFO] info - post params:{}
[2022-02-22T18:31:01.042] [INFO] info - get params:{}
[2022-02-22T18:31:01.044] [INFO] info - post params:{"userIds":[1000002]}
[2022-02-22T18:31:30.426] [INFO] info - 数据库连接成功
[2022-02-22T18:31:33.718] [INFO] info - get params:{"state":"1","pageNum":"1","pageSize":"10"}
[2022-02-22T18:31:33.720] [INFO] info - post params:{}
[2022-02-22T18:31:36.689] [INFO] info - get params:{}
[2022-02-22T18:31:36.691] [INFO] info - post params:{"userIds":[1000002]}
[2022-02-22T18:31:52.858] [INFO] info - get params:{"state":"1","pageNum":"1","pageSize":"10"}
[2022-02-22T18:31:52.859] [INFO] info - post params:{}
[2022-02-22T18:32:10.675] [INFO] info - 数据库连接成功
[2022-02-22T18:32:13.204] [INFO] info - get params:{"state":"1","pageNum":"1","pageSize":"10"}
[2022-02-22T18:32:13.205] [INFO] info - post params:{}
[2022-02-22T18:32:18.920] [INFO] info - get params:{"state":"1","pageNum":"1","pageSize":"10"}
[2022-02-22T18:32:18.922] [INFO] info - post params:{}
[2022-02-22T18:32:58.251] [INFO] info - get params:{"state":"2","pageNum":"1","pageSize":"10","total":"0"}
[2022-02-22T18:32:58.252] [INFO] info - post params:{}
[2022-02-22T18:33:02.563] [INFO] info - get params:{}
[2022-02-22T18:33:02.565] [INFO] info - post params:{"userIds":[1000002]}
[2022-02-22T18:35:09.225] [INFO] info - get params:{"state":"1","pageNum":"1","pageSize":"10"}
[2022-02-22T18:35:09.227] [INFO] info - post params:{}
[2022-02-22T18:35:15.963] [INFO] info - get params:{"state":"0","pageNum":"1","pageSize":"10","total":"1"}
[2022-02-22T18:35:15.964] [INFO] info - post params:{}
[2022-02-22T18:36:04.555] [INFO] info - get params:{"state":"1","pageNum":"1","pageSize":"10"}
[2022-02-22T18:36:04.556] [INFO] info - post params:{}
[2022-02-22T18:36:10.493] [INFO] info - get params:{"state":"0","pageNum":"1","pageSize":"10","total":"1"}
[2022-02-22T18:36:10.494] [INFO] info - post params:{}
[2022-02-22T18:36:24.135] [INFO] info - get params:{}
[2022-02-22T18:36:24.136] [INFO] info - post params:{"userIds":[1000002,1000003]}
[2022-02-22T18:36:45.299] [INFO] info - get params:{"state":"1","pageNum":"1","pageSize":"10"}
[2022-02-22T18:36:45.300] [INFO] info - post params:{}
[2022-02-22T18:36:50.777] [INFO] info - get params:{"state":"0","pageNum":"1","pageSize":"10","total":"0"}
[2022-02-22T18:36:50.778] [INFO] info - post params:{}
[2022-02-22T18:37:33.840] [INFO] info - get params:{}
[2022-02-22T18:37:33.841] [INFO] info - post params:{"userIds":[1000002,1000003]}
[2022-02-22T18:37:44.592] [INFO] info - get params:{"state":"1","pageNum":"1","pageSize":"10"}
[2022-02-22T18:37:44.594] [INFO] info - post params:{}
[2022-02-22T18:37:52.464] [INFO] info - get params:{"state":"0","pageNum":"1","pageSize":"10","total":"0"}
[2022-02-22T18:37:52.465] [INFO] info - post params:{}
[2022-02-22T18:37:57.388] [INFO] info - get params:{}
[2022-02-22T18:37:57.389] [INFO] info - post params:{"userIds":[1000002]}
[2022-02-22T18:39:44.702] [INFO] info - get params:{"state":"1","pageNum":"1","pageSize":"10"}
[2022-02-22T18:39:44.703] [INFO] info - post params:{}
[2022-02-22T18:39:52.513] [INFO] info - get params:{"state":"0","pageNum":"1","pageSize":"10","total":"0"}
[2022-02-22T18:39:52.514] [INFO] info - post params:{}
[2022-02-22T18:39:56.554] [INFO] info - get params:{}
[2022-02-22T18:39:56.555] [INFO] info - post params:{"userIds":[1000002]}
[2022-02-22T18:40:19.313] [INFO] info - get params:{"state":"1","pageNum":"1","pageSize":"10"}
[2022-02-22T18:40:19.315] [INFO] info - post params:{}
[2022-02-22T18:40:26.118] [INFO] info - get params:{"state":"0","pageNum":"1","pageSize":"10","total":"0"}
[2022-02-22T18:40:26.119] [INFO] info - post params:{}
[2022-02-22T18:40:32.426] [INFO] info - get params:{}
[2022-02-22T18:40:32.427] [INFO] info - post params:{"userIds":[1000002]}
[2022-02-22T18:40:46.479] [INFO] info - 数据库连接成功
[2022-02-22T18:40:52.245] [INFO] info - get params:{"state":"1","pageNum":"1","pageSize":"10"}
[2022-02-22T18:40:52.247] [INFO] info - post params:{}
[2022-02-22T18:40:57.542] [INFO] info - get params:{"state":"0","pageNum":"1","pageSize":"10","total":"0"}
[2022-02-22T18:40:57.544] [INFO] info - post params:{}
[2022-02-22T18:41:01.337] [INFO] info - get params:{}
[2022-02-22T18:41:01.338] [INFO] info - post params:{"userIds":[1000002]}
[2022-02-22T18:41:43.441] [INFO] info - 数据库连接成功
[2022-02-22T18:41:45.018] [INFO] info - get params:{"state":"1","pageNum":"1","pageSize":"10"}
[2022-02-22T18:41:45.020] [INFO] info - post params:{}
[2022-02-22T18:41:48.888] [INFO] info - get params:{"state":"0","pageNum":"1","pageSize":"10","total":"0"}
[2022-02-22T18:41:48.889] [INFO] info - post params:{}
[2022-02-22T18:41:52.507] [INFO] info - get params:{}
[2022-02-22T18:41:52.509] [INFO] info - post params:{"userIds":[1000002]}
[2022-02-22T18:41:52.575] [INFO] info - get params:{"state":"0","pageNum":"1","pageSize":"10","total":"2"}
[2022-02-22T18:41:52.576] [INFO] info - post params:{}
[2022-02-22T18:48:24.872] [INFO] info - 数据库连接成功
[2022-02-22T18:48:27.500] [INFO] info - get params:{"state":"1","pageNum":"1","pageSize":"10"}
[2022-02-22T18:48:27.502] [INFO] info - post params:{}
[2022-02-22T18:48:32.975] [INFO] info - get params:{"state":"0","pageNum":"1","pageSize":"10","total":"0"}
[2022-02-22T18:48:32.976] [INFO] info - post params:{}
[2022-02-22T18:48:39.614] [INFO] info - get params:{"state":"0","pageNum":"1","pageSize":"10","total":"2"}
[2022-02-22T18:48:39.615] [INFO] info - post params:{}
[2022-02-22T18:48:45.980] [INFO] info - get params:{"state":"1","pageNum":"1","pageSize":"10","total":"2"}
[2022-02-22T18:48:45.981] [INFO] info - post params:{}
[2022-02-22T18:48:50.779] [INFO] info - get params:{"state":"1","pageNum":"1","pageSize":"10"}
[2022-02-22T18:48:50.782] [INFO] info - post params:{}
[2022-02-22T18:48:55.219] [INFO] info - get params:{"state":"0","pageNum":"1","pageSize":"10","total":"0"}
[2022-02-22T18:48:55.220] [INFO] info - post params:{}
[2022-02-22T18:50:44.067] [INFO] info - get params:{"state":"1","pageNum":"1","pageSize":"10"}
[2022-02-22T18:50:44.068] [INFO] info - post params:{}
[2022-02-22T18:50:48.769] [INFO] info - get params:{"state":"0","pageNum":"1","pageSize":"10","total":"0"}
[2022-02-22T18:50:48.770] [INFO] info - post params:{}
[2022-02-22T18:50:55.247] [INFO] info - get params:{"state":"0","pageNum":"1","pageSize":"10","total":"2"}
[2022-02-22T18:50:55.248] [INFO] info - post params:{}
[2022-02-22T18:52:44.985] [INFO] info - get params:{"state":"1","pageNum":"1","pageSize":"10"}
[2022-02-22T18:52:44.987] [INFO] info - post params:{}
[2022-02-22T18:52:51.137] [INFO] info - get params:{"state":"0","pageNum":"1","pageSize":"10","total":"0"}
[2022-02-22T18:52:51.138] [INFO] info - post params:{}
[2022-02-22T18:52:58.782] [INFO] info - get params:{"state":"0","pageNum":"1","pageSize":"10","total":"2"}
[2022-02-22T18:52:58.783] [INFO] info - post params:{}
[2022-02-22T18:53:45.293] [INFO] info - 数据库连接成功
[2022-02-22T18:53:45.720] [INFO] info - get params:{"state":"1","pageNum":"1","pageSize":"10"}
[2022-02-22T18:53:45.722] [INFO] info - post params:{}
[2022-02-22T18:53:49.041] [INFO] info - get params:{"state":"0","pageNum":"1","pageSize":"10","total":"0"}
[2022-02-22T18:53:49.043] [INFO] info - post params:{}
[2022-02-22T18:53:56.001] [INFO] info - get params:{"state":"0","pageNum":"1","pageSize":"10","total":"2"}
[2022-02-22T18:53:56.002] [INFO] info - post params:{}
[2022-02-22T18:56:31.168] [INFO] info - get params:{"state":"1","pageNum":"1","pageSize":"10"}
[2022-02-22T18:56:31.169] [INFO] info - post params:{}
[2022-02-22T18:56:36.952] [INFO] info - get params:{"state":"0","pageNum":"1","pageSize":"10","total":"0"}
[2022-02-22T18:56:36.953] [INFO] info - post params:{}
[2022-02-22T18:56:43.690] [INFO] info - get params:{"state":"0","pageNum":"1","pageSize":"10","total":"2"}
[2022-02-22T18:56:43.692] [INFO] info - post params:{}
[2022-02-22T18:57:35.611] [INFO] info - get params:{"state":"1","pageNum":"1","pageSize":"10"}
[2022-02-22T18:57:35.613] [INFO] info - post params:{}
[2022-02-22T18:57:39.995] [INFO] info - get params:{}
[2022-02-22T18:57:39.996] [INFO] info - post params:{"userIds":[1000002]}
[2022-02-22T18:57:40.054] [INFO] info - get params:{"state":"1","pageNum":"1","pageSize":"10","total":"2"}
[2022-02-22T18:57:40.055] [INFO] info - post params:{}
[2022-02-22T18:58:03.376] [INFO] info - get params:{"state":"1","pageNum":"1","pageSize":"10"}
[2022-02-22T18:58:03.377] [INFO] info - post params:{}
[2022-02-22T18:58:16.158] [INFO] info - get params:{"state":"1","pageNum":"1","pageSize":"10","total":"1"}
[2022-02-22T18:58:16.159] [INFO] info - post params:{}
[2022-02-22T18:58:22.802] [INFO] info - get params:{"state":"0","pageNum":"1","pageSize":"10","total":"1"}
[2022-02-22T18:58:22.803] [INFO] info - post params:{}
[2022-02-22T18:59:24.009] [INFO] info - get params:{"state":"1","pageNum":"1","pageSize":"10"}
[2022-02-22T18:59:24.010] [INFO] info - post params:{}
[2022-02-22T18:59:43.258] [INFO] info - get params:{"state":"1","pageNum":"1","pageSize":"10","total":"1"}
[2022-02-22T18:59:43.259] [INFO] info - post params:{}
[2022-02-22T18:59:51.672] [INFO] info - get params:{"state":"0","pageNum":"1","pageSize":"10","total":"1"}
[2022-02-22T18:59:51.673] [INFO] info - post params:{}
[2022-02-22T19:00:43.190] [INFO] info - get params:{"state":"1","pageNum":"1","pageSize":"10"}
[2022-02-22T19:00:43.191] [INFO] info - post params:{}
[2022-02-22T19:00:59.833] [INFO] info - get params:{"state":"1","pageNum":"1","pageSize":"10","total":"1"}
[2022-02-22T19:00:59.834] [INFO] info - post params:{}
[2022-02-22T19:02:11.246] [INFO] info - get params:{"state":"1","pageNum":"1","pageSize":"10"}
[2022-02-22T19:02:11.248] [INFO] info - post params:{}
[2022-02-22T19:02:24.541] [INFO] info - get params:{"state":"1","pageNum":"1","pageSize":"10","total":"1"}
[2022-02-22T19:02:24.542] [INFO] info - post params:{}
[2022-02-22T19:03:27.565] [INFO] info - get params:{"state":"1","pageNum":"1","pageSize":"10"}
[2022-02-22T19:03:27.566] [INFO] info - post params:{}
[2022-02-22T19:03:32.505] [INFO] info - get params:{"state":"1","pageNum":"1","pageSize":"10","total":"1"}
[2022-02-22T19:03:32.506] [INFO] info - post params:{}
[2022-02-22T19:07:52.941] [INFO] info - get params:{"state":"1","pageNum":"1","pageSize":"10","total":"1"}
[2022-02-22T19:07:52.942] [INFO] info - post params:{}
[2022-02-22T19:09:36.363] [INFO] info - get params:{"state":"1","pageNum":"1","pageSize":"10","total":"1"}
[2022-02-22T19:09:36.364] [INFO] info - post params:{}
[2022-02-22T19:13:51.880] [INFO] info - get params:{"state":"1","pageNum":"1","pageSize":"10"}
[2022-02-22T19:13:51.881] [INFO] info - post params:{}
[2022-02-22T19:14:00.009] [INFO] info - get params:{"state":"1","pageNum":"1","pageSize":"10"}
[2022-02-22T19:14:00.010] [INFO] info - post params:{}
[2022-02-22T19:14:06.626] [INFO] info - get params:{"state":"0","pageNum":"1","pageSize":"10","total":"1"}
[2022-02-22T19:14:06.627] [INFO] info - post params:{}
[2022-02-22T19:14:14.316] [INFO] info - get params:{}
[2022-02-22T19:14:14.317] [INFO] info - post params:{"state":1,"roleList":["60180b07b1eaed6c45fbebdb","60150cb764de99631b2c3cd3","60180b59b1eaed6c45fbebdc"],"role":0,"deptId":["60167059c9027b7d2c520a61","60167345c6a4417f2d27506f"],"userId":1000002,"userName":"admin","userEmail":"admin@imooc.com","createTime":"2021-01-17T13:32:06.381Z","lastLoginTime":"2021-01-17T13:32:06.381Z","__v":0,"job":"前端架构师","mobile":"17611020000","action":"edit"}
[2022-02-22T19:14:14.775] [INFO] info - get params:{"state":"0","pageNum":"1","pageSize":"10","total":"2"}
[2022-02-22T19:14:14.777] [INFO] info - post params:{}
[2022-02-22T19:14:28.707] [INFO] info - get params:{"state":"1","pageNum":"1","pageSize":"10"}
[2022-02-22T19:14:28.708] [INFO] info - post params:{}
[2022-02-22T19:14:28.714] [INFO] info - get params:{}
[2022-02-22T19:14:28.715] [INFO] info - post params:{}
[2022-02-22T19:14:28.728] [INFO] info - get params:{}
[2022-02-22T19:14:28.729] [INFO] info - post params:{}
[2022-02-22T19:14:49.802] [INFO] info - get params:{"state":"1","pageNum":"1","pageSize":"10"}
[2022-02-22T19:14:49.803] [INFO] info - post params:{}
[2022-02-22T19:15:06.079] [INFO] info - get params:{}
[2022-02-22T19:15:06.080] [INFO] info - post params:{"state":3,"roleList":[],"userName":"去去去","userEmail":"111","deptId":["60167059c9027b7d2c520a61","6016728fc6a4417f2d27506e"],"action":"add"}
[2022-02-22T19:15:21.684] [INFO] info - get params:{"state":"1","pageNum":"1","pageSize":"10"}
[2022-02-22T19:15:21.685] [INFO] info - post params:{}
[2022-02-22T19:15:48.166] [INFO] info - get params:{}
[2022-02-22T19:15:48.167] [INFO] info - post params:{"state":3,"roleList":["60180b80b1eaed6c45fbebe1"],"userName":"111","userEmail":"111","mobile":"13535339114","job":"前端","deptId":["60167059c9027b7d2c520a61","60167345c6a4417f2d27506f"],"action":"add"}
[2022-02-22T19:17:51.655] [INFO] info - get params:{}
[2022-02-22T19:17:51.656] [INFO] info - post params:{"state":3,"roleList":["60180b80b1eaed6c45fbebe1"],"userName":"111","userEmail":"111","mobile":"13535339114","job":"前端","deptId":["60167059c9027b7d2c520a61","60167345c6a4417f2d27506f"],"action":"add"}
[2022-02-22T19:17:59.465] [INFO] info - get params:{"state":"1","pageNum":"1","pageSize":"10"}
[2022-02-22T19:17:59.466] [INFO] info - post params:{}
[2022-02-22T19:18:24.737] [INFO] info - get params:{}
[2022-02-22T19:18:24.738] [INFO] info - post params:{"state":3,"roleList":["60180b76b1eaed6c45fbebe0"],"userName":"111","userEmail":"111","mobile":"13535339114","job":"前端","deptId":["60167059c9027b7d2c520a61","6016728fc6a4417f2d27506e"],"action":"add"}
[2022-02-22T19:19:38.222] [INFO] info - 数据库连接成功
[2022-02-22T19:19:40.998] [INFO] info - get params:{"state":"1","pageNum":"1","pageSize":"10"}
[2022-02-22T19:19:41.001] [INFO] info - post params:{}
[2022-02-22T19:20:01.863] [INFO] info - get params:{}
[2022-02-22T19:20:01.865] [INFO] info - post params:{"state":3,"roleList":[],"userName":"111","userEmail":"111","mobile":"13535339114","deptId":["60167059c9027b7d2c520a61","6016734ec6a4417f2d275070"],"action":"add"}
[2022-02-22T19:20:02.079] [INFO] info - get params:{"state":"1","pageNum":"1","pageSize":"10","total":"2"}
[2022-02-22T19:20:02.080] [INFO] info - post params:{}
[2022-02-22T19:20:10.680] [INFO] info - get params:{"state":"0","pageNum":"1","pageSize":"10","total":"2"}
[2022-02-22T19:20:10.681] [INFO] info - post params:{}
[2022-02-22T19:55:46.397] [INFO] info - 数据库连接成功
[2022-02-22T19:55:53.634] [INFO] info - get params:{"state":"1","pageNum":"1","pageSize":"10"}
[2022-02-22T19:55:53.635] [INFO] info - post params:{}
[2022-02-22T20:05:59.734] [INFO] info - get params:{"state":"1","pageNum":"1","pageSize":"10"}
[2022-02-22T20:05:59.735] [INFO] info - post params:{}
[2022-02-22T20:06:03.404] [INFO] info - get params:{"state":"1","pageNum":"1","pageSize":"10"}
[2022-02-22T20:06:03.405] [INFO] info - post params:{}
[2022-02-22T20:06:12.930] [INFO] info - get params:{"state":"1","pageNum":"1","pageSize":"10"}
[2022-02-22T20:06:12.931] [INFO] info - post params:{}
[2022-02-22T20:06:43.524] [INFO] info - get params:{}
[2022-02-22T20:06:43.525] [INFO] info - post params:{"userIds":[1000002]}
[2022-02-22T20:06:43.762] [INFO] info - get params:{"state":"1","pageNum":"1","pageSize":"10","total":"2"}
[2022-02-22T20:06:43.763] [INFO] info - post params:{}
[2022-02-22T20:06:49.913] [INFO] info - get params:{"state":"2","pageNum":"1","pageSize":"10","total":"1"}
[2022-02-22T20:06:49.914] [INFO] info - post params:{}
[2022-02-22T20:07:50.568] [INFO] info - get params:{"state":"1","pageNum":"1","pageSize":"10"}
[2022-02-22T20:07:50.570] [INFO] info - post params:{}
[2022-02-22T20:09:08.645] [INFO] info - get params:{"state":"1","pageNum":"1","pageSize":"10"}
[2022-02-22T20:09:08.645] [INFO] info - post params:{}
[2022-02-22T20:35:08.980] [INFO] info - get params:{"state":"1","pageNum":"1","pageSize":"10"}
[2022-02-22T20:35:08.981] [INFO] info - post params:{}
[2022-02-22T22:58:54.276] [INFO] info - get params:{}
[2022-02-22T22:58:54.279] [INFO] info - post params:{"parentId":["600d4075e218daaf4ec77e52","600d525e602f452aaeeffcd9"],"menuType":1,"menuState":1,"menuName":"test","action":"add"}
[2022-02-22T23:00:11.025] [INFO] info - get params:{}
[2022-02-22T23:00:11.026] [INFO] info - post params:{"parentId":[null],"menuType":1,"menuState":1,"menuName":"vvv","action":"add"}
[2022-02-22T23:02:07.452] [INFO] info - get params:{}
[2022-02-22T23:02:07.453] [INFO] info - post params:{"parentId":[null],"menuType":1,"menuState":1,"menuName":"vvv","action":"add"}
[2022-02-22T23:02:20.928] [INFO] info - get params:{}
[2022-02-22T23:02:20.929] [INFO] info - post params:{"parentId":[null],"menuType":1,"menuState":1,"menuName":"test","action":"add"}
[2022-02-22T23:02:38.390] [INFO] info - 数据库连接成功
[2022-02-22T23:02:49.800] [INFO] info - get params:{}
[2022-02-22T23:02:49.802] [INFO] info - post params:{"parentId":[null],"menuType":1,"menuState":1,"menuName":"test","action":"add"}
[2022-02-22T23:12:32.831] [INFO] info - get params:{}
[2022-02-22T23:12:32.833] [INFO] info - post params:{"parentId":[null],"menuType":1,"menuState":1,"updateTime":"2021-03-06T10:03:38.947Z","createTime":"2021-01-30T09:22:00.000Z","_id":"6214fb198f264ba4af011a85","menuName":"test-3","menuCode":"","path":"/test-3","icon":"el-icon-setting","order":"0","component":"","action":"edit"}
[2022-02-22T23:16:05.488] [INFO] info - get params:{}
[2022-02-22T23:16:05.489] [INFO] info - post params:{"_id":"6214fb198f264ba4af011a85","action":"delete"}
[2022-02-22T23:18:09.575] [INFO] info - get params:{}
[2022-02-22T23:18:09.576] [INFO] info - post params:{}
[2022-02-22T23:18:09.660] [INFO] info - get params:{}
[2022-02-22T23:18:09.661] [INFO] info - post params:{}
[2022-02-22T23:23:20.825] [INFO] info - get params:{"menuState":"1","menuName":""}
[2022-02-22T23:23:20.826] [INFO] info - post params:{}
[2022-02-22T23:23:20.834] [INFO] info - get params:{}
[2022-02-22T23:23:20.836] [INFO] info - post params:{}
[2022-02-22T23:23:36.130] [INFO] info - get params:{"menuState":"1","menuName":""}
[2022-02-22T23:23:36.131] [INFO] info - post params:{}
[2022-02-22T23:23:36.176] [INFO] info - get params:{}
[2022-02-22T23:23:36.177] [INFO] info - post params:{}
[2022-02-22T23:23:47.643] [INFO] info - get params:{}
[2022-02-22T23:23:47.644] [INFO] info - post params:{"parentId":[null],"menuType":1,"menuState":1,"menuName":"系统管理","action":"add"}
[2022-02-22T23:23:47.759] [INFO] info - get params:{"menuState":"1","menuName":""}
[2022-02-22T23:23:47.761] [INFO] info - post params:{}
[2022-02-22T23:23:53.730] [INFO] info - get params:{"menuState":"1","menuName":""}
[2022-02-22T23:23:53.731] [INFO] info - post params:{}
[2022-02-22T23:23:53.774] [INFO] info - get params:{}
[2022-02-22T23:23:53.775] [INFO] info - post params:{}
[2022-02-22T23:24:14.000] [INFO] info - get params:{"menuState":"1","menuName":""}
[2022-02-22T23:24:14.001] [INFO] info - post params:{}
[2022-02-22T23:24:14.045] [INFO] info - get params:{}
[2022-02-22T23:24:14.046] [INFO] info - post params:{}
[2022-02-22T23:24:21.539] [INFO] info - get params:{"menuState":"1","menuName":""}
[2022-02-22T23:24:21.540] [INFO] info - post params:{}
[2022-02-22T23:24:21.547] [INFO] info - get params:{}
[2022-02-22T23:24:21.548] [INFO] info - post params:{}
[2022-02-22T23:24:48.867] [INFO] info - get params:{}
[2022-02-22T23:24:48.868] [INFO] info - post params:{"parentId":[null],"menuType":1,"menuState":1,"menuName":"用户管理","action":"add"}
[2022-02-22T23:24:49.143] [INFO] info - get params:{"menuState":"1","menuName":""}
[2022-02-22T23:24:49.145] [INFO] info - post params:{}
[2022-02-22T23:25:38.968] [INFO] info - get params:{"menuState":"1","menuName":""}
[2022-02-22T23:25:38.969] [INFO] info - post params:{}
[2022-02-22T23:25:39.013] [INFO] info - get params:{}
[2022-02-22T23:25:39.014] [INFO] info - post params:{}
[2022-02-22T23:25:59.657] [INFO] info - 数据库连接成功
[2022-02-22T23:26:00.092] [INFO] info - get params:{"menuState":"1","menuName":""}
[2022-02-22T23:26:00.094] [INFO] info - post params:{}
[2022-02-22T23:26:00.232] [INFO] info - get params:{}
[2022-02-22T23:26:00.234] [INFO] info - post params:{}
[2022-02-22T23:27:17.465] [INFO] info - get params:{}
[2022-02-22T23:27:17.466] [INFO] info - post params:{"parentId":["621500038f264ba4af011a90"],"menuType":1,"menuState":1,"menuName":"test","icon":"test","action":"add"}
[2022-02-22T23:27:17.699] [INFO] info - get params:{"menuState":"1","menuName":"系统管理"}
[2022-02-22T23:27:17.700] [INFO] info - post params:{}
[2022-02-22T23:27:33.614] [INFO] info - get params:{"menuState":"1","menuName":""}
[2022-02-22T23:27:33.617] [INFO] info - post params:{}
[2022-02-22T23:27:33.625] [INFO] info - get params:{}
[2022-02-22T23:27:33.627] [INFO] info - post params:{}
[2022-02-22T23:27:54.479] [INFO] info - get params:{"menuState":"1","menuName":""}
[2022-02-22T23:27:54.481] [INFO] info - post params:{}
[2022-02-22T23:27:54.487] [INFO] info - get params:{}
[2022-02-22T23:27:54.489] [INFO] info - post params:{}
[2022-02-22T23:42:34.168] [INFO] info - get params:{}
[2022-02-22T23:42:34.169] [INFO] info - post params:{}
[2022-02-22T23:42:34.177] [INFO] info - get params:{"menuState":"1","menuName":""}
[2022-02-22T23:42:34.179] [INFO] info - post params:{}
[2022-02-22T23:42:52.641] [INFO] info - get params:{}
[2022-02-22T23:42:52.642] [INFO] info - post params:{"parentId":["621500038f264ba4af011a90"],"menuType":1,"menuState":1,"menuName":"test","action":"add"}
[2022-02-22T23:42:52.774] [INFO] info - get params:{"menuState":"1","menuName":""}
[2022-02-22T23:42:52.775] [INFO] info - post params:{}
[2022-02-22T23:43:14.084] [INFO] info - 数据库连接成功
[2022-02-22T23:43:25.397] [INFO] info - get params:{"menuState":"1","menuName":""}
[2022-02-22T23:43:25.399] [INFO] info - post params:{}
[2022-02-22T23:43:25.518] [INFO] info - get params:{}
[2022-02-22T23:43:25.520] [INFO] info - post params:{}
[2022-02-22T23:47:06.320] [INFO] info - get params:{}
[2022-02-22T23:47:06.321] [INFO] info - post params:{"_id":"621500038f264ba4af011a90","action":"delete"}
[2022-02-22T23:47:06.532] [INFO] info - get params:{"menuState":"1","menuName":""}
[2022-02-22T23:47:06.533] [INFO] info - post params:{}
[2022-02-22T23:47:07.505] [INFO] info - get params:{}
[2022-02-22T23:47:07.506] [INFO] info - post params:{"_id":"621500408f264ba4af011a99","action":"delete"}
[2022-02-22T23:47:07.863] [INFO] info - get params:{"menuState":"1","menuName":""}
[2022-02-22T23:47:07.864] [INFO] info - post params:{}
[2022-02-22T23:47:12.894] [INFO] info - get params:{"menuState":"1","menuName":""}
[2022-02-22T23:47:12.895] [INFO] info - post params:{}
[2022-02-22T23:47:12.903] [INFO] info - get params:{}
[2022-02-22T23:47:12.905] [INFO] info - post params:{}
[2022-02-22T23:47:27.355] [INFO] info - get params:{}
[2022-02-22T23:47:27.356] [INFO] info - post params:{"parentId":[null],"menuType":1,"menuState":1,"menuName":"一级菜单","action":"add"}
[2022-02-22T23:47:27.505] [INFO] info - get params:{"menuState":"1","menuName":""}
[2022-02-22T23:47:27.506] [INFO] info - post params:{}
[2022-02-22T23:47:41.388] [INFO] info - get params:{}
[2022-02-22T23:47:41.389] [INFO] info - post params:{"parentId":["6215058fc11a3a5053d29dba"],"menuType":1,"menuState":1,"menuName":"二级菜单-1","action":"add"}
[2022-02-22T23:47:41.825] [INFO] info - get params:{"menuState":"1","menuName":""}
[2022-02-22T23:47:41.826] [INFO] info - post params:{}
[2022-02-22T23:47:56.547] [INFO] info - get params:{}
[2022-02-22T23:47:56.549] [INFO] info - post params:{"parentId":["6215058fc11a3a5053d29dba"],"menuType":1,"menuState":1,"menuName":"二级菜单-2","action":"add"}
[2022-02-22T23:47:57.020] [INFO] info - get params:{"menuState":"1","menuName":""}
[2022-02-22T23:47:57.022] [INFO] info - post params:{}
[2022-02-22T23:48:01.180] [INFO] info - get params:{"menuState":"1","menuName":""}
[2022-02-22T23:48:01.181] [INFO] info - post params:{}
[2022-02-22T23:48:01.188] [INFO] info - get params:{}
[2022-02-22T23:48:01.190] [INFO] info - post params:{}
[2022-02-22T23:48:22.417] [INFO] info - get params:{}
[2022-02-22T23:48:22.418] [INFO] info - post params:{"parentId":[null],"menuType":1,"menuState":1,"menuName":"一级菜单-2","action":"add"}
[2022-02-22T23:48:22.533] [INFO] info - get params:{"menuState":"1","menuName":""}
[2022-02-22T23:48:22.534] [INFO] info - post params:{}
[2022-02-22T23:48:27.133] [INFO] info - get params:{"menuState":"1","menuName":""}
[2022-02-22T23:48:27.134] [INFO] info - post params:{}
[2022-02-22T23:48:27.138] [INFO] info - get params:{}
[2022-02-22T23:48:27.140] [INFO] info - post params:{}
[2022-02-22T23:48:46.656] [INFO] info - get params:{}
[2022-02-22T23:48:46.657] [INFO] info - post params:{"parentId":["621505c6c11a3a5053d29dc5"],"menuType":1,"menuState":1,"menuName":"二级菜单-3","action":"add"}
[2022-02-22T23:48:46.777] [INFO] info - get params:{"menuState":"1","menuName":""}
[2022-02-22T23:48:46.778] [INFO] info - post params:{}
[2022-02-22T23:48:51.711] [INFO] info - get params:{"menuState":"1","menuName":""}
[2022-02-22T23:48:51.712] [INFO] info - post params:{}
[2022-02-22T23:48:51.796] [INFO] info - get params:{}
[2022-02-22T23:48:51.798] [INFO] info - post params:{}
[2022-02-22T23:49:19.452] [INFO] info - get params:{"menuState":"1","menuName":""}
[2022-02-22T23:49:19.453] [INFO] info - post params:{}
[2022-02-22T23:49:19.460] [INFO] info - get params:{}
[2022-02-22T23:49:19.461] [INFO] info - post params:{}
[2022-02-22T23:49:42.188] [INFO] info - get params:{"menuState":"1","menuName":""}
[2022-02-22T23:49:42.189] [INFO] info - post params:{}
[2022-02-22T23:49:42.220] [INFO] info - get params:{}
[2022-02-22T23:49:42.222] [INFO] info - post params:{}
[2022-02-22T23:49:57.721] [INFO] info - get params:{"menuState":"1","menuName":""}
[2022-02-22T23:49:57.723] [INFO] info - post params:{}
[2022-02-22T23:49:57.728] [INFO] info - get params:{}
[2022-02-22T23:49:57.729] [INFO] info - post params:{}
[2022-02-22T23:50:25.629] [INFO] info - get params:{}
[2022-02-22T23:50:25.630] [INFO] info - post params:{}
[2022-02-22T23:50:25.635] [INFO] info - get params:{"menuState":"1","menuName":""}
[2022-02-22T23:50:25.636] [INFO] info - post params:{}
[2022-02-22T23:51:19.198] [INFO] info - get params:{}
[2022-02-22T23:51:19.199] [INFO] info - post params:{"_id":"6215058fc11a3a5053d29dba","action":"delete"}
[2022-02-22T23:51:19.449] [INFO] info - get params:{"menuState":"1","menuName":""}
[2022-02-22T23:51:19.450] [INFO] info - post params:{}
[2022-02-22T23:51:20.704] [INFO] info - get params:{}
[2022-02-22T23:51:20.705] [INFO] info - post params:{"_id":"621505c6c11a3a5053d29dc5","action":"delete"}
[2022-02-22T23:51:21.049] [INFO] info - get params:{"menuState":"1","menuName":""}
[2022-02-22T23:51:21.050] [INFO] info - post params:{}
[2022-02-22T23:51:25.972] [INFO] info - get params:{"menuState":"1","menuName":""}
[2022-02-22T23:51:25.973] [INFO] info - post params:{}
[2022-02-22T23:51:25.979] [INFO] info - get params:{}
[2022-02-22T23:51:25.981] [INFO] info - post params:{}
[2022-02-22T23:51:38.923] [INFO] info - get params:{}
[2022-02-22T23:51:38.924] [INFO] info - post params:{"parentId":[null],"menuType":1,"menuState":1,"menuName":"test","path":"/system","action":"add"}
[2022-02-22T23:51:39.022] [INFO] info - get params:{"menuState":"1","menuName":""}
[2022-02-22T23:51:39.024] [INFO] info - post params:{}
[2022-02-22T23:51:59.914] [INFO] info - get params:{}
[2022-02-22T23:51:59.915] [INFO] info - post params:{"parentId":["6215068ac11a3a5053d29ddf"],"menuType":1,"menuState":1,"menuName":"test-1","path":"/system/user","action":"add"}
[2022-02-22T23:52:00.324] [INFO] info - get params:{"menuState":"1","menuName":""}
[2022-02-22T23:52:00.325] [INFO] info - post params:{}
[2022-02-22T23:52:04.481] [INFO] info - get params:{}
[2022-02-22T23:52:04.482] [INFO] info - post params:{}
[2022-02-22T23:52:04.487] [INFO] info - get params:{"menuState":"1","menuName":""}
[2022-02-22T23:52:04.488] [INFO] info - post params:{}
[2022-02-22T23:52:24.566] [INFO] info - get params:{}
[2022-02-22T23:52:24.567] [INFO] info - post params:{"parentId":[null],"menuType":1,"menuState":1,"menuName":"newTest","path":"/test","action":"add"}
[2022-02-22T23:52:24.677] [INFO] info - get params:{"menuState":"1","menuName":""}
[2022-02-22T23:52:24.678] [INFO] info - post params:{}
[2022-02-22T23:52:44.474] [INFO] info - get params:{}
[2022-02-22T23:52:44.475] [INFO] info - post params:{"parentId":["621506b8c11a3a5053d29de7"],"menuType":1,"menuState":1,"menuName":"neeTest-1","path":"/test/user","action":"add"}
[2022-02-22T23:52:44.890] [INFO] info - get params:{"menuState":"1","menuName":""}
[2022-02-22T23:52:44.891] [INFO] info - post params:{}
[2022-02-22T23:52:49.033] [INFO] info - get params:{"menuState":"1","menuName":""}
[2022-02-22T23:52:49.038] [INFO] info - post params:{}
[2022-02-22T23:52:49.067] [INFO] info - get params:{}
[2022-02-22T23:52:49.069] [INFO] info - post params:{}
[2022-02-23T00:30:59.910] [INFO] info - 数据库连接成功
[2022-02-23T00:31:04.627] [INFO] info - get params:{"menuState":"1","menuName":""}
[2022-02-23T00:31:04.629] [INFO] info - post params:{}
[2022-02-23T00:31:04.646] [INFO] info - get params:{}
[2022-02-23T00:31:04.647] [INFO] info - post params:{}
[2022-02-23T13:56:22.722] [INFO] info - 数据库连接成功
[2022-02-23T13:56:51.039] [INFO] info - get params:{"menuState":"1","menuName":""}
[2022-02-23T13:56:51.040] [INFO] info - post params:{}
[2022-02-23T13:56:51.935] [INFO] info - get params:{}
[2022-02-23T13:56:51.937] [INFO] info - post params:{}
[2022-02-23T14:00:35.631] [INFO] info - get params:{"menuState":"1","menuName":""}
[2022-02-23T14:00:35.632] [INFO] info - post params:{}
[2022-02-23T14:00:35.676] [INFO] info - get params:{}
[2022-02-23T14:00:35.677] [INFO] info - post params:{}
[2022-02-23T14:00:50.300] [INFO] info - get params:{}
[2022-02-23T14:00:50.301] [INFO] info - post params:{}
[2022-02-23T14:00:52.638] [INFO] info - get params:{}
[2022-02-23T14:00:52.639] [INFO] info - post params:{}
[2022-02-23T14:00:52.985] [INFO] info - get params:{"menuState":"1","menuName":""}
[2022-02-23T14:00:52.987] [INFO] info - post params:{}
[2022-02-23T14:00:52.992] [INFO] info - get params:{}
[2022-02-23T14:00:52.993] [INFO] info - post params:{}
[2022-02-23T14:01:02.498] [INFO] info - get params:{"menuState":"1","menuName":""}
[2022-02-23T14:01:02.499] [INFO] info - post params:{}
[2022-02-23T14:01:26.260] [INFO] info - get params:{}
[2022-02-23T14:01:26.261] [INFO] info - post params:{"parentId":[null],"menuType":1,"menuState":1,"menuName":"系统管理","path":"/system","action":"add"}
[2022-02-23T14:01:26.513] [INFO] info - get params:{"menuState":"1","menuName":""}
[2022-02-23T14:01:26.514] [INFO] info - post params:{}
[2022-02-23T14:01:28.747] [INFO] info - get params:{}
[2022-02-23T14:01:28.748] [INFO] info - post params:{"_id":"6215068ac11a3a5053d29ddf","action":"delete"}
[2022-02-23T14:01:29.099] [INFO] info - get params:{"menuState":"1","menuName":""}
[2022-02-23T14:01:29.100] [INFO] info - post params:{}
[2022-02-23T14:01:31.189] [INFO] info - get params:{}
[2022-02-23T14:01:31.190] [INFO] info - post params:{"_id":"621506b8c11a3a5053d29de7","action":"delete"}
[2022-02-23T14:01:31.459] [INFO] info - get params:{"menuState":"1","menuName":""}
[2022-02-23T14:01:31.460] [INFO] info - post params:{}
[2022-02-23T14:01:52.362] [INFO] info - get params:{}
[2022-02-23T14:01:52.363] [INFO] info - post params:{"parentId":["6215cdb6c11a3a5053d29df8"],"menuType":1,"menuState":1,"menuName":"菜单管理","path":"/system/menu","action":"add"}
[2022-02-23T14:01:52.628] [INFO] info - get params:{"menuState":"1","menuName":""}
[2022-02-23T14:01:52.629] [INFO] info - post params:{}
[2022-02-23T14:02:08.112] [INFO] info - get params:{}
[2022-02-23T14:02:08.113] [INFO] info - post params:{"parentId":["6215cdb6c11a3a5053d29df8"],"menuType":1,"menuState":1,"menuName":"角色管理","path":"/system/role","action":"add"}
[2022-02-23T14:02:08.531] [INFO] info - get params:{"menuState":"1","menuName":""}
[2022-02-23T14:02:08.533] [INFO] info - post params:{}
[2022-02-23T14:02:12.642] [INFO] info - get params:{"menuState":"1","menuName":""}
[2022-02-23T14:02:12.644] [INFO] info - post params:{}
[2022-02-23T14:02:12.650] [INFO] info - get params:{}
[2022-02-23T14:02:12.651] [INFO] info - post params:{}
[2022-02-23T14:07:22.521] [INFO] info - get params:{"menuState":"1","menuName":""}
[2022-02-23T14:07:22.522] [INFO] info - post params:{}
[2022-02-23T14:15:20.340] [INFO] info - get params:{"menuState":"1","menuName":""}
[2022-02-23T14:15:20.341] [INFO] info - post params:{}
[2022-02-23T14:15:20.366] [INFO] info - get params:{}
[2022-02-23T14:15:20.367] [INFO] info - post params:{}
[2022-02-23T14:19:06.065] [INFO] info - get params:{}
[2022-02-23T14:19:06.066] [INFO] info - post params:{}
[2022-02-23T14:22:30.916] [INFO] info - get params:{}
[2022-02-23T14:22:30.918] [INFO] info - post params:{}
[2022-02-23T14:24:17.377] [INFO] info - get params:{}
[2022-02-23T14:24:17.379] [INFO] info - post params:{}
[2022-02-23T14:24:54.289] [INFO] info - get params:{}
[2022-02-23T14:24:54.290] [INFO] info - post params:{}
[2022-02-23T14:25:38.442] [INFO] info - get params:{}
[2022-02-23T14:25:38.444] [INFO] info - post params:{}
[2022-02-23T14:28:12.548] [INFO] info - get params:{}
[2022-02-23T14:28:12.550] [INFO] info - post params:{}
[2022-02-23T14:46:53.720] [INFO] info - get params:{}
[2022-02-23T14:46:53.722] [INFO] info - post params:{}
[2022-02-23T14:50:54.099] [INFO] info - get params:{}
[2022-02-23T14:50:54.100] [INFO] info - post params:{}
[2022-02-23T14:54:21.552] [INFO] info - get params:{}
[2022-02-23T14:54:21.553] [INFO] info - post params:{}
[2022-02-23T14:54:56.297] [INFO] info - get params:{}
[2022-02-23T14:54:56.298] [INFO] info - post params:{}
[2022-02-23T14:58:54.886] [INFO] info - get params:{}
[2022-02-23T14:58:54.888] [INFO] info - post params:{}
[2022-02-23T15:01:04.888] [INFO] info - get params:{}
[2022-02-23T15:01:04.889] [INFO] info - post params:{}
[2022-02-23T15:19:35.878] [INFO] info - get params:{}
[2022-02-23T15:19:35.879] [INFO] info - post params:{}
[2022-02-23T15:20:17.591] [INFO] info - get params:{"menuState":"1","menuName":""}
[2022-02-23T15:20:17.592] [INFO] info - post params:{}
[2022-02-23T15:20:29.008] [INFO] info - get params:{}
[2022-02-23T15:20:29.009] [INFO] info - post params:{}
[2022-02-23T15:28:02.384] [INFO] info - get params:{}
[2022-02-23T15:28:02.385] [INFO] info - post params:{}
[2022-02-23T15:31:04.230] [INFO] info - get params:{"menuState":"1","menuName":""}
[2022-02-23T15:31:04.231] [INFO] info - post params:{}
[2022-02-23T15:31:19.780] [INFO] info - get params:{}
[2022-02-23T15:31:19.780] [INFO] info - post params:{"parentId":["6215cdb6c11a3a5053d29df8","6215cde0c11a3a5053d29e04"],"menuType":2,"menuState":1,"menuName":"查看","action":"add"}
[2022-02-23T15:31:20.175] [INFO] info - get params:{"menuState":"1","menuName":""}
[2022-02-23T15:31:20.176] [INFO] info - post params:{}
[2022-02-23T15:31:24.153] [INFO] info - get params:{"menuState":"1","menuName":""}
[2022-02-23T15:31:24.154] [INFO] info - post params:{}
[2022-02-23T15:31:24.158] [INFO] info - get params:{}
[2022-02-23T15:31:24.159] [INFO] info - post params:{}
[2022-02-23T15:31:26.173] [INFO] info - get params:{}
[2022-02-23T15:31:26.174] [INFO] info - post params:{}
[2022-02-23T15:31:29.184] [INFO] info - get params:{"menuState":"1","menuName":""}
[2022-02-23T15:31:29.185] [INFO] info - post params:{}
[2022-02-23T15:31:30.581] [INFO] info - get params:{}
[2022-02-23T15:31:30.582] [INFO] info - post params:{}
[2022-02-23T15:31:35.823] [INFO] info - get params:{"menuState":"1","menuName":""}
[2022-02-23T15:31:35.825] [INFO] info - post params:{}
[2022-02-23T15:31:45.452] [INFO] info - get params:{"menuState":"1","menuName":""}
[2022-02-23T15:31:45.453] [INFO] info - post params:{}
[2022-02-23T15:31:45.457] [INFO] info - get params:{}
[2022-02-23T15:31:45.458] [INFO] info - post params:{}
[2022-02-23T15:31:59.789] [INFO] info - get params:{}
[2022-02-23T15:31:59.790] [INFO] info - post params:{}
[2022-02-23T15:41:20.390] [INFO] info - get params:{}
[2022-02-23T15:41:20.391] [INFO] info - post params:{}
[2022-02-23T15:41:25.737] [INFO] info - get params:{}
[2022-02-23T15:41:25.739] [INFO] info - post params:{}
[2022-02-23T15:41:25.772] [INFO] info - get params:{}
[2022-02-23T15:41:25.773] [INFO] info - post params:{}
[2022-02-23T15:41:42.942] [INFO] info - get params:{}
[2022-02-23T15:41:42.944] [INFO] info - post params:{}
[2022-02-23T15:41:42.976] [INFO] info - get params:{}
[2022-02-23T15:41:42.977] [INFO] info - post params:{}
[2022-02-23T15:42:15.776] [INFO] info - get params:{}
[2022-02-23T15:42:15.778] [INFO] info - post params:{}
[2022-02-23T15:42:15.806] [INFO] info - get params:{}
[2022-02-23T15:42:15.807] [INFO] info - post params:{}
[2022-02-23T15:42:47.320] [INFO] info - get params:{}
[2022-02-23T15:42:47.320] [INFO] info - post params:{}
[2022-02-23T15:46:59.448] [INFO] info - get params:{}
[2022-02-23T15:46:59.449] [INFO] info - post params:{}
[2022-02-23T15:52:46.872] [INFO] info - get params:{}
[2022-02-23T15:52:46.873] [INFO] info - post params:{}
[2022-02-23T15:53:15.347] [INFO] info - get params:{}
[2022-02-23T15:53:15.347] [INFO] info - post params:{}
[2022-02-23T15:56:43.434] [INFO] info - get params:{}
[2022-02-23T15:56:43.434] [INFO] info - post params:{}
[2022-02-23T15:57:45.661] [INFO] info - get params:{}
[2022-02-23T15:57:45.663] [INFO] info - post params:{}
[2022-02-23T15:57:45.697] [INFO] info - get params:{}
[2022-02-23T15:57:45.699] [INFO] info - post params:{}
[2022-02-23T16:00:42.196] [INFO] info - get params:{}
[2022-02-23T16:00:42.197] [INFO] info - post params:{}
[2022-02-23T16:00:42.223] [INFO] info - get params:{}
[2022-02-23T16:00:42.224] [INFO] info - post params:{}
[2022-02-23T16:04:20.421] [INFO] info - get params:{}
[2022-02-23T16:04:20.422] [INFO] info - post params:{}
[2022-02-23T16:17:38.391] [INFO] info - get params:{}
[2022-02-23T16:17:38.392] [INFO] info - post params:{}
[2022-02-23T16:17:38.421] [INFO] info - get params:{}
[2022-02-23T16:17:38.422] [INFO] info - post params:{}
[2022-02-23T16:18:30.853] [INFO] info - get params:{}
[2022-02-23T16:18:30.855] [INFO] info - post params:{}
[2022-02-23T16:18:30.892] [INFO] info - get params:{}
[2022-02-23T16:18:30.894] [INFO] info - post params:{}
[2022-02-23T16:18:49.492] [INFO] info - get params:{}
[2022-02-23T16:18:49.493] [INFO] info - post params:{}
[2022-02-23T16:18:49.522] [INFO] info - get params:{}
[2022-02-23T16:18:49.523] [INFO] info - post params:{}
[2022-02-23T16:19:41.600] [INFO] info - 数据库连接成功
[2022-02-23T16:19:42.044] [INFO] info - get params:{}
[2022-02-23T16:19:42.047] [INFO] info - post params:{}
[2022-02-23T16:19:42.177] [INFO] info - get params:{}
[2022-02-23T16:19:42.178] [INFO] info - post params:{}
[2022-02-23T16:20:12.644] [INFO] info - get params:{"state":"1","pageNum":"1","pageSize":"10"}
[2022-02-23T16:20:12.645] [INFO] info - post params:{}
[2022-02-23T16:20:12.654] [INFO] info - get params:{}
[2022-02-23T16:20:12.655] [INFO] info - post params:{}
[2022-02-23T16:20:26.723] [INFO] info - get params:{"state":"1","pageNum":"1","pageSize":"10","total":"1"}
[2022-02-23T16:20:26.724] [INFO] info - post params:{}
[2022-02-23T16:23:06.675] [INFO] info - get params:{"state":"1","pageNum":"1","pageSize":"10"}
[2022-02-23T16:23:06.676] [INFO] info - post params:{}
[2022-02-23T16:23:06.712] [INFO] info - get params:{}
[2022-02-23T16:23:06.714] [INFO] info - post params:{}
[2022-02-23T16:23:06.737] [INFO] info - get params:{}
[2022-02-23T16:23:06.738] [INFO] info - post params:{}
[2022-02-23T16:23:24.469] [INFO] info - get params:{"state":"1","pageNum":"1","pageSize":"10"}
[2022-02-23T16:23:24.470] [INFO] info - post params:{}
[2022-02-23T16:23:24.526] [INFO] info - get params:{}
[2022-02-23T16:23:24.527] [INFO] info - post params:{}
[2022-02-23T16:23:24.552] [INFO] info - get params:{}
[2022-02-23T16:23:24.553] [INFO] info - post params:{}
[2022-02-23T16:23:52.183] [INFO] info - get params:{"state":"1","pageNum":"1","pageSize":"10"}
[2022-02-23T16:23:52.184] [INFO] info - post params:{}
[2022-02-23T16:23:52.207] [INFO] info - get params:{}
[2022-02-23T16:23:52.209] [INFO] info - post params:{}
[2022-02-23T16:23:52.227] [INFO] info - get params:{}
[2022-02-23T16:23:52.228] [INFO] info - post params:{}
[2022-02-23T16:24:16.677] [INFO] info - 数据库连接成功
[2022-02-23T16:24:17.816] [INFO] info - get params:{"state":"1","pageNum":"1","pageSize":"10"}
[2022-02-23T16:24:17.817] [INFO] info - post params:{}
[2022-02-23T16:24:17.863] [INFO] info - get params:{}
[2022-02-23T16:24:17.865] [INFO] info - post params:{}
[2022-02-23T16:24:17.874] [INFO] info - get params:{}
[2022-02-23T16:24:17.875] [INFO] info - post params:{}
[2022-02-23T16:25:08.144] [INFO] info - get params:{"state":"1","pageNum":"1","pageSize":"10"}
[2022-02-23T16:25:08.146] [INFO] info - post params:{}
[2022-02-23T16:25:08.217] [INFO] info - get params:{}
[2022-02-23T16:25:08.219] [INFO] info - post params:{}
[2022-02-23T16:25:08.248] [INFO] info - get params:{}
[2022-02-23T16:25:08.250] [INFO] info - post params:{}
[2022-02-23T16:33:38.250] [INFO] info - get params:{"state":"1","pageNum":"1","pageSize":"10"}
[2022-02-23T16:33:38.251] [INFO] info - post params:{}
[2022-02-23T16:33:38.278] [INFO] info - get params:{}
[2022-02-23T16:33:38.279] [INFO] info - post params:{}
[2022-02-23T16:33:38.301] [INFO] info - get params:{}
[2022-02-23T16:33:38.303] [INFO] info - post params:{}
[2022-02-23T16:33:42.822] [INFO] info - get params:{}
[2022-02-23T16:33:42.824] [INFO] info - post params:{}
[2022-02-23T16:34:27.933] [INFO] info - get params:{}
[2022-02-23T16:34:27.934] [INFO] info - post params:{}
[2022-02-23T16:34:32.903] [INFO] info - get params:{}
[2022-02-23T16:34:32.904] [INFO] info - post params:{}
[2022-02-23T16:34:32.943] [INFO] info - get params:{}
[2022-02-23T16:34:32.944] [INFO] info - post params:{}
[2022-02-23T16:35:21.066] [INFO] info - get params:{}
[2022-02-23T16:35:21.067] [INFO] info - post params:{}
[2022-02-23T16:35:21.111] [INFO] info - get params:{}
[2022-02-23T16:35:21.112] [INFO] info - post params:{}
[2022-02-23T16:37:02.186] [INFO] info - get params:{}
[2022-02-23T16:37:02.187] [INFO] info - post params:{}
[2022-02-23T16:37:02.191] [INFO] info - get params:{}
[2022-02-23T16:37:02.192] [INFO] info - post params:{}
[2022-02-23T16:37:06.413] [INFO] info - get params:{}
[2022-02-23T16:37:06.414] [INFO] info - post params:{}
[2022-02-23T16:37:06.429] [INFO] info - get params:{}
[2022-02-23T16:37:06.430] [INFO] info - post params:{}
[2022-02-23T16:37:12.721] [INFO] info - get params:{}
[2022-02-23T16:37:12.722] [INFO] info - post params:{}
[2022-02-23T16:37:12.728] [INFO] info - get params:{}
[2022-02-23T16:37:12.729] [INFO] info - post params:{}
[2022-02-23T16:37:12.762] [INFO] info - get params:{}
[2022-02-23T16:37:12.764] [INFO] info - post params:{}
[2022-02-23T16:37:29.247] [INFO] info - get params:{}
[2022-02-23T16:37:29.249] [INFO] info - post params:{}
[2022-02-23T16:37:29.327] [INFO] info - get params:{}
[2022-02-23T16:37:29.328] [INFO] info - post params:{}
[2022-02-23T16:37:48.304] [INFO] info - get params:{}
[2022-02-23T16:37:48.310] [INFO] info - post params:{}
[2022-02-23T16:37:48.341] [INFO] info - get params:{}
[2022-02-23T16:37:48.342] [INFO] info - post params:{}
[2022-02-23T16:39:31.744] [INFO] info - get params:{}
[2022-02-23T16:39:31.745] [INFO] info - post params:{}
[2022-02-23T16:39:36.450] [INFO] info - get params:{}
[2022-02-23T16:39:36.451] [INFO] info - post params:{}
[2022-02-23T16:39:36.497] [INFO] info - get params:{}
[2022-02-23T16:39:36.498] [INFO] info - post params:{}
[2022-02-23T16:40:32.329] [INFO] info - get params:{}
[2022-02-23T16:40:32.330] [INFO] info - post params:{}
[2022-02-23T16:40:32.360] [INFO] info - get params:{}
[2022-02-23T16:40:32.361] [INFO] info - post params:{}
[2022-02-23T16:40:42.035] [INFO] info - get params:{"roleName":"","total":"0","pageSize":"10"}
[2022-02-23T16:40:42.036] [INFO] info - post params:{}
[2022-02-23T16:40:42.047] [INFO] info - get params:{}
[2022-02-23T16:40:42.049] [INFO] info - post params:{}
[2022-02-23T16:40:42.080] [INFO] info - get params:{}
[2022-02-23T16:40:42.081] [INFO] info - post params:{}
[2022-02-23T16:44:09.738] [INFO] info - get params:{"roleName":"","total":"0","pageSize":"10"}
[2022-02-23T16:44:09.739] [INFO] info - post params:{}
[2022-02-23T16:44:09.744] [INFO] info - get params:{}
[2022-02-23T16:44:09.746] [INFO] info - post params:{}
[2022-02-23T16:44:09.776] [INFO] info - get params:{}
[2022-02-23T16:44:09.777] [INFO] info - post params:{}
[2022-02-23T16:46:53.599] [INFO] info - get params:{"roleName":"","total":"0","pageSize":"10"}
[2022-02-23T16:46:53.601] [INFO] info - post params:{}
[2022-02-23T16:46:53.610] [INFO] info - get params:{}
[2022-02-23T16:46:53.611] [INFO] info - post params:{}
[2022-02-23T16:46:53.639] [INFO] info - get params:{}
[2022-02-23T16:46:53.640] [INFO] info - post params:{}
[2022-02-23T16:50:20.317] [INFO] info - get params:{}
[2022-02-23T16:50:20.318] [INFO] info - post params:{}
[2022-02-23T16:50:20.352] [INFO] info - get params:{}
[2022-02-23T16:50:20.353] [INFO] info - post params:{}
[2022-02-23T16:58:24.555] [INFO] info - get params:{}
[2022-02-23T16:58:24.556] [INFO] info - post params:{}
[2022-02-23T16:59:35.069] [INFO] info - get params:{}
[2022-02-23T16:59:35.070] [INFO] info - post params:{}
[2022-02-23T17:03:12.541] [INFO] info - get params:{}
[2022-02-23T17:03:12.541] [INFO] info - post params:{}
[2022-02-23T17:03:48.580] [INFO] info - get params:{}
[2022-02-23T17:03:48.581] [INFO] info - post params:{}
[2022-02-23T17:04:11.775] [INFO] info - get params:{}
[2022-02-23T17:04:11.776] [INFO] info - post params:{}
[2022-02-23T17:04:11.813] [INFO] info - get params:{}
[2022-02-23T17:04:11.814] [INFO] info - post params:{}
[2022-02-23T17:04:23.501] [INFO] info - get params:{}
[2022-02-23T17:04:23.501] [INFO] info - post params:{"roleName":"test","action":"create"}
[2022-02-23T17:04:46.190] [INFO] info - 数据库连接成功
[2022-02-23T17:04:49.569] [INFO] info - get params:{}
[2022-02-23T17:04:49.571] [INFO] info - post params:{}
[2022-02-23T17:04:49.685] [INFO] info - get params:{}
[2022-02-23T17:04:49.686] [INFO] info - post params:{}
[2022-02-23T17:04:58.382] [INFO] info - get params:{}
[2022-02-23T17:04:58.383] [INFO] info - post params:{"roleName":"test","action":"create"}
[2022-02-23T17:05:20.705] [INFO] info - get params:{}
[2022-02-23T17:05:20.707] [INFO] info - post params:{}
[2022-02-23T17:05:20.756] [INFO] info - get params:{}
[2022-02-23T17:05:20.757] [INFO] info - post params:{}
[2022-02-23T17:05:30.557] [INFO] info - get params:{}
[2022-02-23T17:05:30.558] [INFO] info - post params:{}
[2022-02-23T17:05:30.599] [INFO] info - get params:{}
[2022-02-23T17:05:30.600] [INFO] info - post params:{}
[2022-02-23T17:05:37.335] [INFO] info - get params:{}
[2022-02-23T17:05:37.337] [INFO] info - post params:{"roleName":"test","action":"create"}
[2022-02-23T17:05:46.485] [INFO] info - get params:{}
[2022-02-23T17:05:46.486] [INFO] info - post params:{"roleName":"test","action":"create"}
[2022-02-23T17:06:05.081] [INFO] info - get params:{"roleName":"","total":"0","pageSize":"10","pageNum":"1"}
[2022-02-23T17:06:05.083] [INFO] info - post params:{}
[2022-02-23T17:06:05.093] [INFO] info - get params:{}
[2022-02-23T17:06:05.094] [INFO] info - post params:{}
[2022-02-23T17:06:05.378] [INFO] info - get params:{}
[2022-02-23T17:06:05.379] [INFO] info - post params:{}
[2022-02-23T17:07:44.473] [INFO] info - get params:{"roleName":"","total":"0","pageSize":"10","pageNum":"1"}
[2022-02-23T17:07:44.474] [INFO] info - post params:{}
[2022-02-23T17:07:44.487] [INFO] info - get params:{}
[2022-02-23T17:07:44.488] [INFO] info - post params:{}
[2022-02-23T17:07:44.523] [INFO] info - get params:{}
[2022-02-23T17:07:44.524] [INFO] info - post params:{}
[2022-02-23T17:08:08.275] [INFO] info - get params:{}
[2022-02-23T17:08:08.276] [INFO] info - post params:{}
[2022-02-23T17:08:08.281] [INFO] info - get params:{"roleName":"","total":"0","pageSize":"10","pageNum":"1"}
[2022-02-23T17:08:08.282] [INFO] info - post params:{}
[2022-02-23T17:08:08.317] [INFO] info - get params:{}
[2022-02-23T17:08:08.318] [INFO] info - post params:{}
[2022-02-23T17:09:21.010] [INFO] info - get params:{}
[2022-02-23T17:09:21.011] [INFO] info - post params:{}
[2022-02-23T17:09:21.041] [INFO] info - get params:{}
[2022-02-23T17:09:21.042] [INFO] info - post params:{}
[2022-02-23T17:10:43.555] [INFO] info - get params:{}
[2022-02-23T17:10:43.556] [INFO] info - post params:{}
[2022-02-23T17:10:43.591] [INFO] info - get params:{}
[2022-02-23T17:10:43.592] [INFO] info - post params:{}
[2022-02-23T17:11:20.625] [INFO] info - get params:{"roleName":"","total":"0","pageSize":"10","pageNum":"1"}
[2022-02-23T17:11:20.626] [INFO] info - post params:{}
[2022-02-23T17:11:20.633] [INFO] info - get params:{}
[2022-02-23T17:11:20.634] [INFO] info - post params:{}
[2022-02-23T17:11:20.670] [INFO] info - get params:{}
[2022-02-23T17:11:20.671] [INFO] info - post params:{}
[2022-02-23T17:12:45.598] [INFO] info - get params:{"roleName":"","total":"0","pageSize":"10","pageNum":"1"}
[2022-02-23T17:12:45.600] [INFO] info - post params:{}
[2022-02-23T17:12:45.606] [INFO] info - get params:{}
[2022-02-23T17:12:45.607] [INFO] info - post params:{}
[2022-02-23T17:12:45.642] [INFO] info - get params:{}
[2022-02-23T17:12:45.643] [INFO] info - post params:{}
[2022-02-23T17:14:26.844] [INFO] info - get params:{"roleName":"","total":"0","pageSize":"10","pageNum":"1"}
[2022-02-23T17:14:26.845] [INFO] info - post params:{}
[2022-02-23T17:14:26.856] [INFO] info - get params:{}
[2022-02-23T17:14:26.857] [INFO] info - post params:{}
[2022-02-23T17:14:26.898] [INFO] info - get params:{}
[2022-02-23T17:14:26.899] [INFO] info - post params:{}
[2022-02-23T17:19:55.192] [INFO] info - get params:{"roleName":"","total":"0","pageSize":"10","pageNum":"1"}
[2022-02-23T17:19:55.194] [INFO] info - post params:{}
[2022-02-23T17:19:55.200] [INFO] info - get params:{}
[2022-02-23T17:19:55.201] [INFO] info - post params:{}
[2022-02-23T17:19:55.237] [INFO] info - get params:{}
[2022-02-23T17:19:55.238] [INFO] info - post params:{}
[2022-02-23T17:20:25.066] [INFO] info - get params:{"menuState":"1","menuName":""}
[2022-02-23T17:20:25.067] [INFO] info - post params:{}
[2022-02-23T17:20:36.460] [INFO] info - get params:{"menuState":"1","menuName":""}
[2022-02-23T17:20:36.461] [INFO] info - post params:{}
[2022-02-23T17:20:36.492] [INFO] info - get params:{}
[2022-02-23T17:20:36.493] [INFO] info - post params:{}
[2022-02-23T17:20:53.239] [INFO] info - get params:{}
[2022-02-23T17:20:53.240] [INFO] info - post params:{"parentId":[null],"menuType":1,"menuState":1,"menuName":"test","path":"/test","action":"add"}
[2022-02-23T17:20:53.493] [INFO] info - get params:{"menuState":"1","menuName":""}
[2022-02-23T17:20:53.494] [INFO] info - post params:{}
[2022-02-23T17:20:58.068] [INFO] info - get params:{"menuState":"1","menuName":""}
[2022-02-23T17:20:58.069] [INFO] info - post params:{}
[2022-02-23T17:20:58.099] [INFO] info - get params:{}
[2022-02-23T17:20:58.100] [INFO] info - post params:{}
[2022-02-23T17:23:23.112] [INFO] info - get params:{"roleName":"","total":"0","pageSize":"10","pageNum":"1"}
[2022-02-23T17:23:23.113] [INFO] info - post params:{}
[2022-02-23T17:23:23.204] [INFO] info - get params:{}
[2022-02-23T17:23:23.205] [INFO] info - post params:{}
[2022-02-23T17:23:23.423] [INFO] info - get params:{}
[2022-02-23T17:23:23.424] [INFO] info - post params:{}
[2022-02-23T17:28:49.668] [INFO] info - get params:{"roleName":"","total":"0","pageSize":"10","pageNum":"1"}
[2022-02-23T17:28:49.669] [INFO] info - post params:{}
[2022-02-23T17:28:49.675] [INFO] info - get params:{}
[2022-02-23T17:28:49.676] [INFO] info - post params:{}
[2022-02-23T17:28:49.713] [INFO] info - get params:{}
[2022-02-23T17:28:49.714] [INFO] info - post params:{}
[2022-02-23T17:32:07.988] [INFO] info - get params:{"roleName":"","total":"0","pageSize":"10","pageNum":"1"}
[2022-02-23T17:32:07.991] [INFO] info - post params:{}
[2022-02-23T17:32:08.035] [INFO] info - get params:{}
[2022-02-23T17:32:08.038] [INFO] info - post params:{}
[2022-02-23T17:32:08.073] [INFO] info - get params:{}
[2022-02-23T17:32:08.074] [INFO] info - post params:{}
[2022-02-23T17:32:14.830] [INFO] info - get params:{}
[2022-02-23T17:32:14.831] [INFO] info - post params:{}
[2022-02-23T17:32:16.237] [INFO] info - get params:{}
[2022-02-23T17:32:16.238] [INFO] info - post params:{}
[2022-02-23T17:32:20.311] [INFO] info - get params:{"roleName":"","total":"0","pageSize":"10","pageNum":"1"}
[2022-02-23T17:32:20.312] [INFO] info - post params:{}
[2022-02-23T17:32:20.322] [INFO] info - get params:{}
[2022-02-23T17:32:20.323] [INFO] info - post params:{}
[2022-02-23T17:32:20.364] [INFO] info - get params:{}
[2022-02-23T17:32:20.365] [INFO] info - post params:{}
[2022-02-23T17:33:35.690] [INFO] info - get params:{}
[2022-02-23T17:33:35.691] [INFO] info - post params:{"userName":"admin","userPwd":"123456"}
[2022-02-23T17:33:36.230] [INFO] info - get params:{}
[2022-02-23T17:33:36.231] [INFO] info - post params:{}
[2022-02-23T17:33:50.636] [INFO] info - get params:{"roleName":"","total":"0","pageSize":"10","pageNum":"1"}
[2022-02-23T17:33:50.637] [INFO] info - post params:{}
[2022-02-23T17:33:50.641] [INFO] info - get params:{}
[2022-02-23T17:33:50.642] [INFO] info - post params:{}
[2022-02-23T17:33:50.884] [INFO] info - get params:{}
[2022-02-23T17:33:50.885] [INFO] info - post params:{}
[2022-02-23T17:33:56.693] [INFO] info - get params:{"roleName":"","total":"0","pageSize":"10","pageNum":"1"}
[2022-02-23T17:33:56.694] [INFO] info - post params:{}
[2022-02-23T17:33:56.708] [INFO] info - get params:{}
[2022-02-23T17:33:56.709] [INFO] info - post params:{}
[2022-02-23T17:33:56.749] [INFO] info - get params:{}
[2022-02-23T17:33:56.750] [INFO] info - post params:{}
[2022-02-23T17:37:17.164] [INFO] info - get params:{"roleName":"","total":"0","pageSize":"10","pageNum":"1"}
[2022-02-23T17:37:17.165] [INFO] info - post params:{}
[2022-02-23T17:37:17.176] [INFO] info - get params:{}
[2022-02-23T17:37:17.178] [INFO] info - post params:{}
[2022-02-23T17:37:17.218] [INFO] info - get params:{}
[2022-02-23T17:37:17.219] [INFO] info - post params:{}
[2022-02-23T17:37:25.908] [INFO] info - get params:{"roleName":"","total":"0","pageSize":"10","pageNum":"1"}
[2022-02-23T17:37:25.909] [INFO] info - post params:{}
[2022-02-23T17:37:25.913] [INFO] info - get params:{}
[2022-02-23T17:37:25.914] [INFO] info - post params:{}
[2022-02-23T17:37:25.948] [INFO] info - get params:{}
[2022-02-23T17:37:25.949] [INFO] info - post params:{}
[2022-02-23T17:37:35.926] [INFO] info - get params:{"roleName":"","total":"0","pageSize":"10","pageNum":"1"}
[2022-02-23T17:37:35.927] [INFO] info - post params:{}
[2022-02-23T17:37:35.939] [INFO] info - get params:{}
[2022-02-23T17:37:35.940] [INFO] info - post params:{}
[2022-02-23T17:37:35.975] [INFO] info - get params:{}
[2022-02-23T17:37:35.976] [INFO] info - post params:{}
[2022-02-23T17:37:41.434] [INFO] info - get params:{"roleName":"","total":"0","pageSize":"10","pageNum":"1"}
[2022-02-23T17:37:41.435] [INFO] info - post params:{}
[2022-02-23T17:37:45.554] [INFO] info - get params:{"roleName":"","total":"0","pageSize":"10","pageNum":"1"}
[2022-02-23T17:37:45.555] [INFO] info - post params:{}
[2022-02-23T17:38:01.669] [INFO] info - get params:{"roleName":"","menuName":"邱丹","total":"0","pageSize":"10","pageNum":"1"}
[2022-02-23T17:38:01.670] [INFO] info - post params:{}
[2022-02-23T17:38:41.928] [INFO] info - get params:{"roleName":"","total":"0","pageSize":"10","pageNum":"1"}
[2022-02-23T17:38:41.929] [INFO] info - post params:{}
[2022-02-23T17:38:41.946] [INFO] info - get params:{}
[2022-02-23T17:38:41.947] [INFO] info - post params:{}
[2022-02-23T17:38:41.986] [INFO] info - get params:{}
[2022-02-23T17:38:41.987] [INFO] info - post params:{}
[2022-02-23T17:38:50.523] [INFO] info - get params:{}
[2022-02-23T17:38:50.524] [INFO] info - post params:{"roleName":"前端","action":"create"}
[2022-02-23T17:38:55.896] [INFO] info - get params:{}
[2022-02-23T17:38:55.897] [INFO] info - post params:{"roleName":"前端","action":"create"}
[2022-02-23T17:43:32.677] [INFO] info - get params:{"roleName":"","total":"0","pageSize":"10","pageNum":"1"}
[2022-02-23T17:43:32.678] [INFO] info - post params:{}
[2022-02-23T17:43:32.691] [INFO] info - get params:{}
[2022-02-23T17:43:32.692] [INFO] info - post params:{}
[2022-02-23T17:43:32.735] [INFO] info - get params:{}
[2022-02-23T17:43:32.736] [INFO] info - post params:{}
[2022-02-23T17:46:28.527] [INFO] info - get params:{"roleName":"","total":"0","pageSize":"10","pageNum":"1"}
[2022-02-23T17:46:28.529] [INFO] info - post params:{}
[2022-02-23T17:46:28.537] [INFO] info - get params:{}
[2022-02-23T17:46:28.538] [INFO] info - post params:{}
[2022-02-23T17:46:28.879] [INFO] info - get params:{}
[2022-02-23T17:46:28.880] [INFO] info - post params:{}
[2022-02-23T17:46:38.273] [INFO] info - get params:{}
[2022-02-23T17:46:38.274] [INFO] info - post params:{}
[2022-02-23T17:46:38.319] [INFO] info - get params:{}
[2022-02-23T17:46:38.320] [INFO] info - post params:{}
[2022-02-23T17:47:27.378] [INFO] info - get params:{"roleName":"","total":"0","pageNum":"1","pageSize":"10"}
[2022-02-23T17:47:27.379] [INFO] info - post params:{}
[2022-02-23T17:47:27.385] [INFO] info - get params:{}
[2022-02-23T17:47:27.386] [INFO] info - post params:{}
[2022-02-23T17:47:38.187] [INFO] info - get params:{"roleName":"","total":"0","pageNum":"1","pageSize":"10"}
[2022-02-23T17:47:38.189] [INFO] info - post params:{}
[2022-02-23T17:47:38.195] [INFO] info - get params:{}
[2022-02-23T17:47:38.197] [INFO] info - post params:{}
[2022-02-23T17:47:38.233] [INFO] info - get params:{}
[2022-02-23T17:47:38.235] [INFO] info - post params:{}
[2022-02-23T17:47:46.709] [INFO] info - get params:{"state":"1","pageNum":"1","pageSize":"10"}
[2022-02-23T17:47:46.710] [INFO] info - post params:{}
[2022-02-23T17:47:46.720] [INFO] info - get params:{}
[2022-02-23T17:47:46.722] [INFO] info - post params:{}
[2022-02-23T17:48:52.673] [INFO] info - get params:{"state":"1","pageNum":"1","pageSize":"10"}
[2022-02-23T17:48:52.674] [INFO] info - post params:{}
[2022-02-23T17:48:52.701] [INFO] info - get params:{}
[2022-02-23T17:48:52.702] [INFO] info - post params:{}
[2022-02-23T17:48:58.052] [INFO] info - get params:{}
[2022-02-23T17:48:58.054] [INFO] info - post params:{}
[2022-02-23T17:49:20.358] [INFO] info - get params:{}
[2022-02-23T17:49:20.360] [INFO] info - post params:{}
[2022-02-23T17:49:20.403] [INFO] info - get params:{}
[2022-02-23T17:49:20.404] [INFO] info - post params:{}
[2022-02-23T17:49:42.120] [INFO] info - get params:{}
[2022-02-23T17:49:42.121] [INFO] info - post params:{}
[2022-02-23T17:49:47.251] [INFO] info - get params:{}
[2022-02-23T17:49:47.252] [INFO] info - post params:{}
[2022-02-23T17:49:47.299] [INFO] info - get params:{}
[2022-02-23T17:49:47.300] [INFO] info - post params:{}
[2022-02-23T17:51:05.437] [INFO] info - get params:{}
[2022-02-23T17:51:05.438] [INFO] info - post params:{}
[2022-02-23T17:51:05.476] [INFO] info - get params:{}
[2022-02-23T17:51:05.477] [INFO] info - post params:{}
[2022-02-23T17:51:39.572] [INFO] info - get params:{}
[2022-02-23T17:51:39.574] [INFO] info - post params:{}
[2022-02-23T17:51:39.613] [INFO] info - get params:{}
[2022-02-23T17:51:39.614] [INFO] info - post params:{}
[2022-02-23T17:51:46.658] [INFO] info - get params:{}
[2022-02-23T17:51:46.659] [INFO] info - post params:{"roleName":"test","action":"create"}
[2022-02-23T17:52:50.741] [INFO] info - get params:{"roleName":"","total":"0","pageNum":"1","pageSize":"10"}
[2022-02-23T17:52:50.742] [INFO] info - post params:{}
[2022-02-23T17:52:50.749] [INFO] info - get params:{}
[2022-02-23T17:52:50.750] [INFO] info - post params:{}
[2022-02-23T17:52:50.791] [INFO] info - get params:{}
[2022-02-23T17:52:50.792] [INFO] info - post params:{}
[2022-02-23T17:56:52.736] [INFO] info - get params:{"roleName":"","total":"0","pageNum":"1","pageSize":"10"}
[2022-02-23T17:56:52.737] [INFO] info - post params:{}
[2022-02-23T17:56:52.742] [INFO] info - get params:{}
[2022-02-23T17:56:52.743] [INFO] info - post params:{}
[2022-02-23T17:56:52.779] [INFO] info - get params:{}
[2022-02-23T17:56:52.781] [INFO] info - post params:{}
[2022-02-23T17:59:52.605] [INFO] info - get params:{}
[2022-02-23T17:59:52.606] [INFO] info - post params:{}
[2022-02-23T18:00:45.294] [INFO] info - get params:{"state":"1","pageNum":"1","pageSize":"10"}
[2022-02-23T18:00:45.294] [INFO] info - post params:{}
[2022-02-23T18:00:45.298] [INFO] info - get params:{}
[2022-02-23T18:00:45.299] [INFO] info - post params:{}
[2022-02-23T18:00:52.413] [INFO] info - get params:{"state":"1","pageNum":"1","pageSize":"10"}
[2022-02-23T18:00:52.414] [INFO] info - post params:{}
[2022-02-23T18:00:52.445] [INFO] info - get params:{}
[2022-02-23T18:00:52.446] [INFO] info - post params:{}
[2022-02-23T18:00:52.451] [INFO] info - get params:{}
[2022-02-23T18:00:52.452] [INFO] info - post params:{}
[2022-02-23T18:01:12.469] [INFO] info - get params:{"state":"1","pageNum":"1","pageSize":"10"}
[2022-02-23T18:01:12.470] [INFO] info - post params:{}
[2022-02-23T18:01:12.512] [INFO] info - get params:{}
[2022-02-23T18:01:12.514] [INFO] info - post params:{}
[2022-02-23T18:01:12.528] [INFO] info - get params:{}
[2022-02-23T18:01:12.530] [INFO] info - post params:{}
[2022-02-23T18:02:56.056] [INFO] info - get params:{"state":"1","pageNum":"1","pageSize":"10"}
[2022-02-23T18:02:56.057] [INFO] info - post params:{}
[2022-02-23T18:02:56.087] [INFO] info - get params:{}
[2022-02-23T18:02:56.088] [INFO] info - post params:{}
[2022-02-23T18:02:56.093] [INFO] info - get params:{}
[2022-02-23T18:02:56.094] [INFO] info - post params:{}
[2022-02-23T18:03:19.559] [INFO] info - get params:{"roleName":"","total":"0","pageNum":"1","pageSize":"10"}
[2022-02-23T18:03:19.560] [INFO] info - post params:{}
[2022-02-23T18:03:19.565] [INFO] info - get params:{}
[2022-02-23T18:03:19.567] [INFO] info - post params:{}
[2022-02-23T18:05:47.311] [INFO] info - get params:{"roleName":"","total":"0","pageNum":"1","pageSize":"10"}
[2022-02-23T18:05:47.313] [INFO] info - post params:{}
[2022-02-23T18:05:47.335] [INFO] info - get params:{}
[2022-02-23T18:05:47.337] [INFO] info - post params:{}
[2022-02-23T18:05:47.377] [INFO] info - get params:{}
[2022-02-23T18:05:47.378] [INFO] info - post params:{}
[2022-02-23T18:07:05.393] [INFO] info - get params:{"roleName":"","total":"0","pageNum":"1","pageSize":"10"}
[2022-02-23T18:07:05.394] [INFO] info - post params:{}
[2022-02-23T18:07:05.400] [INFO] info - get params:{}
[2022-02-23T18:07:05.401] [INFO] info - post params:{}
[2022-02-23T18:07:05.448] [INFO] info - get params:{}
[2022-02-23T18:07:05.449] [INFO] info - post params:{}
[2022-02-23T18:08:55.553] [INFO] info - get params:{"roleName":"","total":"0","pageNum":"1","pageSize":"10"}
[2022-02-23T18:08:55.554] [INFO] info - post params:{}
[2022-02-23T18:08:55.568] [INFO] info - get params:{}
[2022-02-23T18:08:55.569] [INFO] info - post params:{}
[2022-02-23T18:08:55.621] [INFO] info - get params:{}
[2022-02-23T18:08:55.622] [INFO] info - post params:{}
[2022-02-23T18:10:06.772] [INFO] info - get params:{}
[2022-02-23T18:10:06.773] [INFO] info - post params:{}
[2022-02-23T18:10:06.777] [INFO] info - get params:{"roleName":"","total":"0","pageNum":"1","pageSize":"10"}
[2022-02-23T18:10:06.779] [INFO] info - post params:{}
[2022-02-23T18:10:11.699] [INFO] info - get params:{}
[2022-02-23T18:10:11.700] [INFO] info - post params:{}
[2022-02-23T18:10:11.704] [INFO] info - get params:{"roleName":"","total":"0","pageNum":"1","pageSize":"10"}
[2022-02-23T18:10:11.705] [INFO] info - post params:{}
[2022-02-23T18:10:11.750] [INFO] info - get params:{}
[2022-02-23T18:10:11.751] [INFO] info - post params:{}
[2022-02-23T18:16:41.189] [INFO] info - get params:{}
[2022-02-23T18:16:41.190] [INFO] info - post params:{}
[2022-02-23T18:16:41.196] [INFO] info - get params:{"roleName":"","total":"0","pageNum":"1","pageSize":"10"}
[2022-02-23T18:16:41.197] [INFO] info - post params:{}
[2022-02-23T18:16:41.239] [INFO] info - get params:{}
[2022-02-23T18:16:41.240] [INFO] info - post params:{}
[2022-02-23T18:22:58.643] [INFO] info - get params:{"state":"1","pageNum":"1","pageSize":"10"}
[2022-02-23T18:22:58.645] [INFO] info - post params:{}
[2022-02-23T18:22:58.650] [INFO] info - get params:{}
[2022-02-23T18:22:58.651] [INFO] info - post params:{}
[2022-02-23T18:23:02.338] [INFO] info - get params:{}
[2022-02-23T18:23:02.339] [INFO] info - post params:{}
[2022-02-23T18:23:02.342] [INFO] info - get params:{"roleName":"","total":"0","pageNum":"1","pageSize":"10"}
[2022-02-23T18:23:02.343] [INFO] info - post params:{}
[2022-02-23T18:23:05.680] [INFO] info - get params:{"menuState":"1","menuName":""}
[2022-02-23T18:23:05.681] [INFO] info - post params:{}
[2022-02-23T18:23:10.214] [INFO] info - get params:{"state":"1","pageNum":"1","pageSize":"10"}
[2022-02-23T18:23:10.215] [INFO] info - post params:{}
[2022-02-23T18:23:10.244] [INFO] info - get params:{}
[2022-02-23T18:23:10.245] [INFO] info - post params:{}
[2022-02-23T18:23:57.657] [INFO] info - get params:{"roleName":"","total":"0","pageNum":"1","pageSize":"10"}
[2022-02-23T18:23:57.658] [INFO] info - post params:{}
[2022-02-23T18:23:57.669] [INFO] info - get params:{}
[2022-02-23T18:23:57.670] [INFO] info - post params:{}
[2022-02-23T18:24:22.960] [INFO] info - get params:{}
[2022-02-23T18:24:22.961] [INFO] info - post params:{}
[2022-02-23T18:24:22.998] [INFO] info - get params:{}
[2022-02-23T18:24:22.999] [INFO] info - post params:{}
[2022-02-23T18:24:32.864] [INFO] info - get params:{}
[2022-02-23T18:24:32.865] [INFO] info - post params:{"roleName":"test","action":"create"}
[2022-02-23T18:24:43.425] [INFO] info - get params:{}
[2022-02-23T18:24:43.426] [INFO] info - post params:{"_id":"60150cb764de99631b2c3cd3","permissionList":{"checkedKeys":["6215cdd0c11a3a5053d29e01"],"halfCheckedKeys":["6215cdb6c11a3a5053d29df8"]}}
[2022-02-23T18:29:44.205] [INFO] info - get params:{}
[2022-02-23T18:29:44.206] [INFO] info - post params:{"_id":"60150cb764de99631b2c3cd3","permissionList":{"checkedKeys":["6215cdd0c11a3a5053d29e01"],"halfCheckedKeys":["6215cdb6c11a3a5053d29df8"]}}
[2022-02-23T18:29:54.623] [INFO] info - get params:{}
[2022-02-23T18:29:54.624] [INFO] info - post params:{}
[2022-02-23T18:29:54.662] [INFO] info - get params:{}
[2022-02-23T18:29:54.664] [INFO] info - post params:{}
[2022-02-23T18:30:01.112] [INFO] info - get params:{}
[2022-02-23T18:30:01.113] [INFO] info - post params:{"_id":"60150cb764de99631b2c3cd3","permissionList":{"checkedKeys":["6215e2c7c11a3a5053d29e1d"],"halfCheckedKeys":["6215cde0c11a3a5053d29e04","6215cdb6c11a3a5053d29df8"]}}
